<?xml version="1.0" encoding="UTF-8"?>
<testsuite xmlns:xsi="http://www.w3.org/2001/XMLSchema-instance" xsi:noNamespaceSchemaLocation="https://maven.apache.org/surefire/maven-surefire-plugin/xsd/surefire-test-report.xsd" version="3.0.2" name="com.github.andrepenteado.sso.equipe.resources.ColaboradorResourceTest" time="0.394" tests="5" errors="0" skipped="0" failures="0">
  <properties>
[...]
</properties>
  <testcase name="testExcluir" classname="com.github.andrepenteado.sso.equipe.resources.ColaboradorResourceTest" time="0.096">
    <system-out><![CDATA[&amp#27;[36m22/11/2024 22:48:22,848&amp#27;[0;39m &amp#27;[35mequipe&amp#27;[0;39m &amp#27;[32m0.0.0.0&amp#27;[0;39m &amp#27;[33manônimo&amp#27;[0;39m &amp#27;[34mINFO Could not detect default configuration classes for test class [com.github.andrepenteado.sso.equipe.resources.ColaboradorResourceTest]: ColaboradorResourceTest does not declare any static, non-private, non-final, nested classes annotated with @Configuration.&amp#27;[0;39m  org.springframework.test.context.support.AnnotationConfigContextLoaderUtils 
&amp#27;[36m22/11/2024 22:48:22,854&amp#27;[0;39m &amp#27;[35mequipe&amp#27;[0;39m &amp#27;[32m0.0.0.0&amp#27;[0;39m &amp#27;[33manônimo&amp#27;[0;39m &amp#27;[34mINFO Found @SpringBootConfiguration com.github.andrepenteado.sso.equipe.EquipeApplication for test class com.github.andrepenteado.sso.equipe.resources.ColaboradorResourceTest&amp#27;[0;39m  org.springframework.boot.test.context.SpringBootTestContextBootstrapper 
&amp#27;[36m22/11/2024 22:48:22,895&amp#27;[0;39m &amp#27;[35mequipe&amp#27;[0;39m &amp#27;[32m0.0.0.0&amp#27;[0;39m &amp#27;[33manônimo&amp#27;[0;39m &amp#27;[31mWARN Potential problem found: The configured data type factory 'class org.dbunit.dataset.datatype.DefaultDataTypeFactory' might cause problems with the current database 'PostgreSQL' (e.g. some datatypes may not be supported properly). In rare cases you might see this message because the list of supported database products is incomplete (list=[derby]). If so please request a java-class update via the forums.If you are using your own IDataTypeFactory extending DefaultDataTypeFactory, ensure that you override getValidDbProducts() to specify the supported database products.&amp#27;[0;39m  org.dbunit.dataset.AbstractTableMetaData 
&amp#27;[36m22/11/2024 22:48:22,896&amp#27;[0;39m &amp#27;[35mequipe&amp#27;[0;39m &amp#27;[32m0.0.0.0&amp#27;[0;39m &amp#27;[33manônimo&amp#27;[0;39m &amp#27;[31mWARN empresa.fk_upload data type (1111, 'uuid') not recognized and will be ignored. See FAQ for more information.&amp#27;[0;39m  org.dbunit.util.SQLHelper 
&amp#27;[36m22/11/2024 22:48:22,902&amp#27;[0;39m &amp#27;[35mequipe&amp#27;[0;39m &amp#27;[32m0.0.0.0&amp#27;[0;39m &amp#27;[33manônimo&amp#27;[0;39m &amp#27;[31mWARN Potential problem found: The configured data type factory 'class org.dbunit.dataset.datatype.DefaultDataTypeFactory' might cause problems with the current database 'PostgreSQL' (e.g. some datatypes may not be supported properly). In rare cases you might see this message because the list of supported database products is incomplete (list=[derby]). If so please request a java-class update via the forums.If you are using your own IDataTypeFactory extending DefaultDataTypeFactory, ensure that you override getValidDbProducts() to specify the supported database products.&amp#27;[0;39m  org.dbunit.dataset.AbstractTableMetaData 
&amp#27;[36m22/11/2024 22:48:22,902&amp#27;[0;39m &amp#27;[35mequipe&amp#27;[0;39m &amp#27;[32m0.0.0.0&amp#27;[0;39m &amp#27;[33manônimo&amp#27;[0;39m &amp#27;[31mWARN sistema.fk_upload data type (1111, 'uuid') not recognized and will be ignored. See FAQ for more information.&amp#27;[0;39m  org.dbunit.util.SQLHelper 
&amp#27;[36m22/11/2024 22:48:22,909&amp#27;[0;39m &amp#27;[35mequipe&amp#27;[0;39m &amp#27;[32m0.0.0.0&amp#27;[0;39m &amp#27;[33manônimo&amp#27;[0;39m &amp#27;[31mWARN Potential problem found: The configured data type factory 'class org.dbunit.dataset.datatype.DefaultDataTypeFactory' might cause problems with the current database 'PostgreSQL' (e.g. some datatypes may not be supported properly). In rare cases you might see this message because the list of supported database products is incomplete (list=[derby]). If so please request a java-class update via the forums.If you are using your own IDataTypeFactory extending DefaultDataTypeFactory, ensure that you override getValidDbProducts() to specify the supported database products.&amp#27;[0;39m  org.dbunit.dataset.AbstractTableMetaData 
&amp#27;[36m22/11/2024 22:48:22,916&amp#27;[0;39m &amp#27;[35mequipe&amp#27;[0;39m &amp#27;[32m0.0.0.0&amp#27;[0;39m &amp#27;[33manônimo&amp#27;[0;39m &amp#27;[31mWARN Potential problem found: The configured data type factory 'class org.dbunit.dataset.datatype.DefaultDataTypeFactory' might cause problems with the current database 'PostgreSQL' (e.g. some datatypes may not be supported properly). In rare cases you might see this message because the list of supported database products is incomplete (list=[derby]). If so please request a java-class update via the forums.If you are using your own IDataTypeFactory extending DefaultDataTypeFactory, ensure that you override getValidDbProducts() to specify the supported database products.&amp#27;[0;39m  org.dbunit.dataset.AbstractTableMetaData 
&amp#27;[36m22/11/2024 22:48:22,922&amp#27;[0;39m &amp#27;[35mequipe&amp#27;[0;39m &amp#27;[32m0.0.0.0&amp#27;[0;39m &amp#27;[33manônimo&amp#27;[0;39m &amp#27;[31mWARN Potential problem found: The configured data type factory 'class org.dbunit.dataset.datatype.DefaultDataTypeFactory' might cause problems with the current database 'PostgreSQL' (e.g. some datatypes may not be supported properly). In rare cases you might see this message because the list of supported database products is incomplete (list=[derby]). If so please request a java-class update via the forums.If you are using your own IDataTypeFactory extending DefaultDataTypeFactory, ensure that you override getValidDbProducts() to specify the supported database products.&amp#27;[0;39m  org.dbunit.dataset.AbstractTableMetaData 
&amp#27;[36m22/11/2024 22:48:22,929&amp#27;[0;39m &amp#27;[35mequipe&amp#27;[0;39m &amp#27;[32m0.0.0.0&amp#27;[0;39m &amp#27;[33manônimo&amp#27;[0;39m &amp#27;[31mWARN Potential problem found: The configured data type factory 'class org.dbunit.dataset.datatype.DefaultDataTypeFactory' might cause problems with the current database 'PostgreSQL' (e.g. some datatypes may not be supported properly). In rare cases you might see this message because the list of supported database products is incomplete (list=[derby]). If so please request a java-class update via the forums.If you are using your own IDataTypeFactory extending DefaultDataTypeFactory, ensure that you override getValidDbProducts() to specify the supported database products.&amp#27;[0;39m  org.dbunit.dataset.AbstractTableMetaData 
&amp#27;[36m22/11/2024 22:48:22,935&amp#27;[0;39m &amp#27;[35mequipe&amp#27;[0;39m &amp#27;[32m0.0.0.0&amp#27;[0;39m &amp#27;[33manônimo&amp#27;[0;39m &amp#27;[31mWARN Potential problem found: The configured data type factory 'class org.dbunit.dataset.datatype.DefaultDataTypeFactory' might cause problems with the current database 'PostgreSQL' (e.g. some datatypes may not be supported properly). In rare cases you might see this message because the list of supported database products is incomplete (list=[derby]). If so please request a java-class update via the forums.If you are using your own IDataTypeFactory extending DefaultDataTypeFactory, ensure that you override getValidDbProducts() to specify the supported database products.&amp#27;[0;39m  org.dbunit.dataset.AbstractTableMetaData 
&amp#27;[36m22/11/2024 22:48:22,935&amp#27;[0;39m &amp#27;[35mequipe&amp#27;[0;39m &amp#27;[32m0.0.0.0&amp#27;[0;39m &amp#27;[33manônimo&amp#27;[0;39m &amp#27;[31mWARN colaborador.fk_upload data type (1111, 'uuid') not recognized and will be ignored. See FAQ for more information.&amp#27;[0;39m  org.dbunit.util.SQLHelper 
&amp#27;[36m22/11/2024 22:48:22,944&amp#27;[0;39m &amp#27;[35mequipe&amp#27;[0;39m &amp#27;[32m0.0.0.0&amp#27;[0;39m &amp#27;[33manônimo&amp#27;[0;39m &amp#27;[34mINFO Excluir colaborador ID #200&amp#27;[0;39m  com.github.andrepenteado.sso.equipe.resources.ColaboradorResource 
Hibernate: select c1_0.id,c1_0.bairro,c1_0.fk_cargo,c2_0.id,c2_0.fk_empresa,e1_0.id,e1_0.bairro,e1_0.cep,e1_0.cidade,e1_0.cnpj,e1_0.complemento,e1_0.data_cadastro,e1_0.data_ultima_atualizacao,e1_0.email,e1_0.estado,e1_0.fk_upload,e1_0.logradouro,m1_0.id,m1_0.bairro,m1_0.cep,m1_0.cidade,m1_0.cnpj,m1_0.complemento,m1_0.data_cadastro,m1_0.data_ultima_atualizacao,m1_0.email,m1_0.estado,m1_0.fk_upload,m1_0.logradouro,m1_0.fk_empresa_matriz,m1_0.nome_fantasia,m1_0.numero_logradouro,m1_0.razao_social,m1_0.telefone,m1_0.usuario_cadastro,m1_0.usuario_ultima_atualizacao,e1_0.nome_fantasia,e1_0.numero_logradouro,e1_0.razao_social,e1_0.telefone,e1_0.usuario_cadastro,e1_0.usuario_ultima_atualizacao,c2_0.nome,c1_0.cep,c1_0.cidade,c1_0.complemento,c1_0.cpf,c1_0.data_cadastro,c1_0.data_ultima_atualizacao,c1_0.email,c1_0.estado,c1_0.logradouro,c1_0.nome,c1_0.numero_logradouro,c1_0.telefone,c1_0.fk_unidade_administrativa,ua1_0.id,ua1_0.fk_empresa,e2_0.id,e2_0.bairro,e2_0.cep,e2_0.cidade,e2_0.cnpj,e2_0.complemento,e2_0.data_cadastro,e2_0.data_ultima_atualizacao,e2_0.email,e2_0.estado,e2_0.fk_upload,e2_0.logradouro,m3_0.id,m3_0.bairro,m3_0.cep,m3_0.cidade,m3_0.cnpj,m3_0.complemento,m3_0.data_cadastro,m3_0.data_ultima_atualizacao,m3_0.email,m3_0.estado,m3_0.fk_upload,m3_0.logradouro,m3_0.fk_empresa_matriz,m3_0.nome_fantasia,m3_0.numero_logradouro,m3_0.razao_social,m3_0.telefone,m3_0.usuario_cadastro,m3_0.usuario_ultima_atualizacao,e2_0.nome_fantasia,e2_0.numero_logradouro,e2_0.razao_social,e2_0.telefone,e2_0.usuario_cadastro,e2_0.usuario_ultima_atualizacao,ua1_0.nome,r1_0.id,r1_0.bairro,r1_0.fk_cargo,c3_0.id,c3_0.fk_empresa,e3_0.id,e3_0.bairro,e3_0.cep,e3_0.cidade,e3_0.cnpj,e3_0.complemento,e3_0.data_cadastro,e3_0.data_ultima_atualizacao,e3_0.email,e3_0.estado,e3_0.fk_upload,e3_0.logradouro,m5_0.id,m5_0.bairro,m5_0.cep,m5_0.cidade,m5_0.cnpj,m5_0.complemento,m5_0.data_cadastro,m5_0.data_ultima_atualizacao,m5_0.email,m5_0.estado,m5_0.fk_upload,m5_0.logradouro,m5_0.fk_empresa_matriz,m5_0.nome_fantasia,m5_0.numero_logradouro,m5_0.razao_social,m5_0.telefone,m5_0.usuario_cadastro,m5_0.usuario_ultima_atualizacao,e3_0.nome_fantasia,e3_0.numero_logradouro,e3_0.razao_social,e3_0.telefone,e3_0.usuario_cadastro,e3_0.usuario_ultima_atualizacao,c3_0.nome,r1_0.cep,r1_0.cidade,r1_0.complemento,r1_0.cpf,r1_0.data_cadastro,r1_0.data_ultima_atualizacao,r1_0.email,r1_0.estado,r1_0.logradouro,r1_0.nome,r1_0.numero_logradouro,r1_0.telefone,r1_0.fk_unidade_administrativa,r1_0.usuario_cadastro,r1_0.usuario_ultima_atualizacao,ua1_0.tipo,uas1_0.id,uas1_0.fk_empresa,e4_0.id,e4_0.bairro,e4_0.cep,e4_0.cidade,e4_0.cnpj,e4_0.complemento,e4_0.data_cadastro,e4_0.data_ultima_atualizacao,e4_0.email,e4_0.estado,e4_0.fk_upload,e4_0.logradouro,m7_0.id,m7_0.bairro,m7_0.cep,m7_0.cidade,m7_0.cnpj,m7_0.complemento,m7_0.data_cadastro,m7_0.data_ultima_atualizacao,m7_0.email,m7_0.estado,m7_0.fk_upload,m7_0.logradouro,m7_0.fk_empresa_matriz,m7_0.nome_fantasia,m7_0.numero_logradouro,m7_0.razao_social,m7_0.telefone,m7_0.usuario_cadastro,m7_0.usuario_ultima_atualizacao,e4_0.nome_fantasia,e4_0.numero_logradouro,e4_0.razao_social,e4_0.telefone,e4_0.usuario_cadastro,e4_0.usuario_ultima_atualizacao,uas1_0.nome,r2_0.id,r2_0.bairro,r2_0.fk_cargo,c4_0.id,c4_0.fk_empresa,e5_0.id,e5_0.bairro,e5_0.cep,e5_0.cidade,e5_0.cnpj,e5_0.complemento,e5_0.data_cadastro,e5_0.data_ultima_atualizacao,e5_0.email,e5_0.estado,e5_0.fk_upload,e5_0.logradouro,m9_0.id,m9_0.bairro,m9_0.cep,m9_0.cidade,m9_0.cnpj,m9_0.complemento,m9_0.data_cadastro,m9_0.data_ultima_atualizacao,m9_0.email,m9_0.estado,m9_0.fk_upload,m9_0.logradouro,m9_0.fk_empresa_matriz,m9_0.nome_fantasia,m9_0.numero_logradouro,m9_0.razao_social,m9_0.telefone,m9_0.usuario_cadastro,m9_0.usuario_ultima_atualizacao,e5_0.nome_fantasia,e5_0.numero_logradouro,e5_0.razao_social,e5_0.telefone,e5_0.usuario_cadastro,e5_0.usuario_ultima_atualizacao,c4_0.nome,r2_0.cep,r2_0.cidade,r2_0.complemento,r2_0.cpf,r2_0.data_cadastro,r2_0.data_ultima_atualizacao,r2_0.email,r2_0.estado,r2_0.logradouro,r2_0.nome,r2_0.numero_logradouro,r2_0.telefone,r2_0.fk_unidade_administrativa,r2_0.usuario_cadastro,r2_0.usuario_ultima_atualizacao,uas1_0.tipo,uas1_0.fk_unidade_administrativa_superior,c1_0.usuario_cadastro,c1_0.usuario_ultima_atualizacao from colaborador c1_0 join cargo c2_0 on c2_0.id=c1_0.fk_cargo join empresa e1_0 on e1_0.id=c2_0.fk_empresa left join empresa m1_0 on m1_0.id=e1_0.fk_empresa_matriz join unidade_administrativa ua1_0 on ua1_0.id=c1_0.fk_unidade_administrativa join empresa e2_0 on e2_0.id=ua1_0.fk_empresa left join empresa m3_0 on m3_0.id=e2_0.fk_empresa_matriz left join colaborador r1_0 on r1_0.id=ua1_0.fk_colaborador_responsavel left join cargo c3_0 on c3_0.id=r1_0.fk_cargo left join empresa e3_0 on e3_0.id=c3_0.fk_empresa left join empresa m5_0 on m5_0.id=e3_0.fk_empresa_matriz left join unidade_administrativa uas1_0 on uas1_0.id=ua1_0.fk_unidade_administrativa_superior left join empresa e4_0 on e4_0.id=uas1_0.fk_empresa left join empresa m7_0 on m7_0.id=e4_0.fk_empresa_matriz left join colaborador r2_0 on r2_0.id=uas1_0.fk_colaborador_responsavel left join cargo c4_0 on c4_0.id=r2_0.fk_cargo left join empresa e5_0 on e5_0.id=c4_0.fk_empresa left join empresa m9_0 on m9_0.id=e5_0.fk_empresa_matriz where c1_0.id=?
]]></system-out>
  </testcase>
  <testcase name="testAlterar" classname="com.github.andrepenteado.sso.equipe.resources.ColaboradorResourceTest" time="0.122">
    <system-out><![CDATA[&amp#27;[36m22/11/2024 22:48:23,021&amp#27;[0;39m &amp#27;[35mequipe&amp#27;[0;39m &amp#27;[32m0.0.0.0&amp#27;[0;39m &amp#27;[33manônimo&amp#27;[0;39m &amp#27;[34mINFO Alterar colaborador Colaborador(nome=Colaborador de testes)&amp#27;[0;39m  com.github.andrepenteado.sso.equipe.resources.ColaboradorResource 
&amp#27;[36m22/11/2024 22:48:23,022&amp#27;[0;39m &amp#27;[35mequipe&amp#27;[0;39m &amp#27;[32m0.0.0.0&amp#27;[0;39m &amp#27;[33manônimo&amp#27;[0;39m &amp#27;[34mINFO Buscar colaborador por ID #100&amp#27;[0;39m  com.github.andrepenteado.sso.equipe.resources.ColaboradorResource 
Hibernate: select c1_0.id,c1_0.bairro,c1_0.fk_cargo,c2_0.id,c2_0.fk_empresa,e1_0.id,e1_0.bairro,e1_0.cep,e1_0.cidade,e1_0.cnpj,e1_0.complemento,e1_0.data_cadastro,e1_0.data_ultima_atualizacao,e1_0.email,e1_0.estado,e1_0.fk_upload,e1_0.logradouro,m1_0.id,m1_0.bairro,m1_0.cep,m1_0.cidade,m1_0.cnpj,m1_0.complemento,m1_0.data_cadastro,m1_0.data_ultima_atualizacao,m1_0.email,m1_0.estado,m1_0.fk_upload,m1_0.logradouro,m1_0.fk_empresa_matriz,m1_0.nome_fantasia,m1_0.numero_logradouro,m1_0.razao_social,m1_0.telefone,m1_0.usuario_cadastro,m1_0.usuario_ultima_atualizacao,e1_0.nome_fantasia,e1_0.numero_logradouro,e1_0.razao_social,e1_0.telefone,e1_0.usuario_cadastro,e1_0.usuario_ultima_atualizacao,c2_0.nome,c1_0.cep,c1_0.cidade,c1_0.complemento,c1_0.cpf,c1_0.data_cadastro,c1_0.data_ultima_atualizacao,c1_0.email,c1_0.estado,c1_0.logradouro,c1_0.nome,c1_0.numero_logradouro,c1_0.telefone,c1_0.fk_unidade_administrativa,ua1_0.id,ua1_0.fk_empresa,e2_0.id,e2_0.bairro,e2_0.cep,e2_0.cidade,e2_0.cnpj,e2_0.complemento,e2_0.data_cadastro,e2_0.data_ultima_atualizacao,e2_0.email,e2_0.estado,e2_0.fk_upload,e2_0.logradouro,m3_0.id,m3_0.bairro,m3_0.cep,m3_0.cidade,m3_0.cnpj,m3_0.complemento,m3_0.data_cadastro,m3_0.data_ultima_atualizacao,m3_0.email,m3_0.estado,m3_0.fk_upload,m3_0.logradouro,m3_0.fk_empresa_matriz,m3_0.nome_fantasia,m3_0.numero_logradouro,m3_0.razao_social,m3_0.telefone,m3_0.usuario_cadastro,m3_0.usuario_ultima_atualizacao,e2_0.nome_fantasia,e2_0.numero_logradouro,e2_0.razao_social,e2_0.telefone,e2_0.usuario_cadastro,e2_0.usuario_ultima_atualizacao,ua1_0.nome,r1_0.id,r1_0.bairro,r1_0.fk_cargo,c3_0.id,c3_0.fk_empresa,e3_0.id,e3_0.bairro,e3_0.cep,e3_0.cidade,e3_0.cnpj,e3_0.complemento,e3_0.data_cadastro,e3_0.data_ultima_atualizacao,e3_0.email,e3_0.estado,e3_0.fk_upload,e3_0.logradouro,m5_0.id,m5_0.bairro,m5_0.cep,m5_0.cidade,m5_0.cnpj,m5_0.complemento,m5_0.data_cadastro,m5_0.data_ultima_atualizacao,m5_0.email,m5_0.estado,m5_0.fk_upload,m5_0.logradouro,m5_0.fk_empresa_matriz,m5_0.nome_fantasia,m5_0.numero_logradouro,m5_0.razao_social,m5_0.telefone,m5_0.usuario_cadastro,m5_0.usuario_ultima_atualizacao,e3_0.nome_fantasia,e3_0.numero_logradouro,e3_0.razao_social,e3_0.telefone,e3_0.usuario_cadastro,e3_0.usuario_ultima_atualizacao,c3_0.nome,r1_0.cep,r1_0.cidade,r1_0.complemento,r1_0.cpf,r1_0.data_cadastro,r1_0.data_ultima_atualizacao,r1_0.email,r1_0.estado,r1_0.logradouro,r1_0.nome,r1_0.numero_logradouro,r1_0.telefone,r1_0.fk_unidade_administrativa,r1_0.usuario_cadastro,r1_0.usuario_ultima_atualizacao,ua1_0.tipo,uas1_0.id,uas1_0.fk_empresa,e4_0.id,e4_0.bairro,e4_0.cep,e4_0.cidade,e4_0.cnpj,e4_0.complemento,e4_0.data_cadastro,e4_0.data_ultima_atualizacao,e4_0.email,e4_0.estado,e4_0.fk_upload,e4_0.logradouro,m7_0.id,m7_0.bairro,m7_0.cep,m7_0.cidade,m7_0.cnpj,m7_0.complemento,m7_0.data_cadastro,m7_0.data_ultima_atualizacao,m7_0.email,m7_0.estado,m7_0.fk_upload,m7_0.logradouro,m7_0.fk_empresa_matriz,m7_0.nome_fantasia,m7_0.numero_logradouro,m7_0.razao_social,m7_0.telefone,m7_0.usuario_cadastro,m7_0.usuario_ultima_atualizacao,e4_0.nome_fantasia,e4_0.numero_logradouro,e4_0.razao_social,e4_0.telefone,e4_0.usuario_cadastro,e4_0.usuario_ultima_atualizacao,uas1_0.nome,r2_0.id,r2_0.bairro,r2_0.fk_cargo,c4_0.id,c4_0.fk_empresa,e5_0.id,e5_0.bairro,e5_0.cep,e5_0.cidade,e5_0.cnpj,e5_0.complemento,e5_0.data_cadastro,e5_0.data_ultima_atualizacao,e5_0.email,e5_0.estado,e5_0.fk_upload,e5_0.logradouro,m9_0.id,m9_0.bairro,m9_0.cep,m9_0.cidade,m9_0.cnpj,m9_0.complemento,m9_0.data_cadastro,m9_0.data_ultima_atualizacao,m9_0.email,m9_0.estado,m9_0.fk_upload,m9_0.logradouro,m9_0.fk_empresa_matriz,m9_0.nome_fantasia,m9_0.numero_logradouro,m9_0.razao_social,m9_0.telefone,m9_0.usuario_cadastro,m9_0.usuario_ultima_atualizacao,e5_0.nome_fantasia,e5_0.numero_logradouro,e5_0.razao_social,e5_0.telefone,e5_0.usuario_cadastro,e5_0.usuario_ultima_atualizacao,c4_0.nome,r2_0.cep,r2_0.cidade,r2_0.complemento,r2_0.cpf,r2_0.data_cadastro,r2_0.data_ultima_atualizacao,r2_0.email,r2_0.estado,r2_0.logradouro,r2_0.nome,r2_0.numero_logradouro,r2_0.telefone,r2_0.fk_unidade_administrativa,r2_0.usuario_cadastro,r2_0.usuario_ultima_atualizacao,uas1_0.tipo,uas1_0.fk_unidade_administrativa_superior,c1_0.usuario_cadastro,c1_0.usuario_ultima_atualizacao from colaborador c1_0 join cargo c2_0 on c2_0.id=c1_0.fk_cargo join empresa e1_0 on e1_0.id=c2_0.fk_empresa left join empresa m1_0 on m1_0.id=e1_0.fk_empresa_matriz join unidade_administrativa ua1_0 on ua1_0.id=c1_0.fk_unidade_administrativa join empresa e2_0 on e2_0.id=ua1_0.fk_empresa left join empresa m3_0 on m3_0.id=e2_0.fk_empresa_matriz left join colaborador r1_0 on r1_0.id=ua1_0.fk_colaborador_responsavel left join cargo c3_0 on c3_0.id=r1_0.fk_cargo left join empresa e3_0 on e3_0.id=c3_0.fk_empresa left join empresa m5_0 on m5_0.id=e3_0.fk_empresa_matriz left join unidade_administrativa uas1_0 on uas1_0.id=ua1_0.fk_unidade_administrativa_superior left join empresa e4_0 on e4_0.id=uas1_0.fk_empresa left join empresa m7_0 on m7_0.id=e4_0.fk_empresa_matriz left join colaborador r2_0 on r2_0.id=uas1_0.fk_colaborador_responsavel left join cargo c4_0 on c4_0.id=r2_0.fk_cargo left join empresa e5_0 on e5_0.id=c4_0.fk_empresa left join empresa m9_0 on m9_0.id=e5_0.fk_empresa_matriz where c1_0.id=?
&amp#27;[36m22/11/2024 22:48:23,041&amp#27;[0;39m &amp#27;[35mequipe&amp#27;[0;39m &amp#27;[32m0.0.0.0&amp#27;[0;39m &amp#27;[33manônimo&amp#27;[0;39m &amp#27;[34mINFO Alterar colaborador Colaborador(nome=Colaborador de testes)&amp#27;[0;39m  com.github.andrepenteado.sso.equipe.resources.ColaboradorResource 
&amp#27;[36m22/11/2024 22:48:23,042&amp#27;[0;39m &amp#27;[35mequipe&amp#27;[0;39m &amp#27;[32m0.0.0.0&amp#27;[0;39m &amp#27;[33manônimo&amp#27;[0;39m &amp#27;[34mINFO Buscar colaborador por ID #999&amp#27;[0;39m  com.github.andrepenteado.sso.equipe.resources.ColaboradorResource 
Hibernate: select c1_0.id,c1_0.bairro,c1_0.fk_cargo,c2_0.id,c2_0.fk_empresa,e1_0.id,e1_0.bairro,e1_0.cep,e1_0.cidade,e1_0.cnpj,e1_0.complemento,e1_0.data_cadastro,e1_0.data_ultima_atualizacao,e1_0.email,e1_0.estado,e1_0.fk_upload,e1_0.logradouro,m1_0.id,m1_0.bairro,m1_0.cep,m1_0.cidade,m1_0.cnpj,m1_0.complemento,m1_0.data_cadastro,m1_0.data_ultima_atualizacao,m1_0.email,m1_0.estado,m1_0.fk_upload,m1_0.logradouro,m1_0.fk_empresa_matriz,m1_0.nome_fantasia,m1_0.numero_logradouro,m1_0.razao_social,m1_0.telefone,m1_0.usuario_cadastro,m1_0.usuario_ultima_atualizacao,e1_0.nome_fantasia,e1_0.numero_logradouro,e1_0.razao_social,e1_0.telefone,e1_0.usuario_cadastro,e1_0.usuario_ultima_atualizacao,c2_0.nome,c1_0.cep,c1_0.cidade,c1_0.complemento,c1_0.cpf,c1_0.data_cadastro,c1_0.data_ultima_atualizacao,c1_0.email,c1_0.estado,c1_0.logradouro,c1_0.nome,c1_0.numero_logradouro,c1_0.telefone,c1_0.fk_unidade_administrativa,ua1_0.id,ua1_0.fk_empresa,e2_0.id,e2_0.bairro,e2_0.cep,e2_0.cidade,e2_0.cnpj,e2_0.complemento,e2_0.data_cadastro,e2_0.data_ultima_atualizacao,e2_0.email,e2_0.estado,e2_0.fk_upload,e2_0.logradouro,m3_0.id,m3_0.bairro,m3_0.cep,m3_0.cidade,m3_0.cnpj,m3_0.complemento,m3_0.data_cadastro,m3_0.data_ultima_atualizacao,m3_0.email,m3_0.estado,m3_0.fk_upload,m3_0.logradouro,m3_0.fk_empresa_matriz,m3_0.nome_fantasia,m3_0.numero_logradouro,m3_0.razao_social,m3_0.telefone,m3_0.usuario_cadastro,m3_0.usuario_ultima_atualizacao,e2_0.nome_fantasia,e2_0.numero_logradouro,e2_0.razao_social,e2_0.telefone,e2_0.usuario_cadastro,e2_0.usuario_ultima_atualizacao,ua1_0.nome,r1_0.id,r1_0.bairro,r1_0.fk_cargo,c3_0.id,c3_0.fk_empresa,e3_0.id,e3_0.bairro,e3_0.cep,e3_0.cidade,e3_0.cnpj,e3_0.complemento,e3_0.data_cadastro,e3_0.data_ultima_atualizacao,e3_0.email,e3_0.estado,e3_0.fk_upload,e3_0.logradouro,m5_0.id,m5_0.bairro,m5_0.cep,m5_0.cidade,m5_0.cnpj,m5_0.complemento,m5_0.data_cadastro,m5_0.data_ultima_atualizacao,m5_0.email,m5_0.estado,m5_0.fk_upload,m5_0.logradouro,m5_0.fk_empresa_matriz,m5_0.nome_fantasia,m5_0.numero_logradouro,m5_0.razao_social,m5_0.telefone,m5_0.usuario_cadastro,m5_0.usuario_ultima_atualizacao,e3_0.nome_fantasia,e3_0.numero_logradouro,e3_0.razao_social,e3_0.telefone,e3_0.usuario_cadastro,e3_0.usuario_ultima_atualizacao,c3_0.nome,r1_0.cep,r1_0.cidade,r1_0.complemento,r1_0.cpf,r1_0.data_cadastro,r1_0.data_ultima_atualizacao,r1_0.email,r1_0.estado,r1_0.logradouro,r1_0.nome,r1_0.numero_logradouro,r1_0.telefone,r1_0.fk_unidade_administrativa,r1_0.usuario_cadastro,r1_0.usuario_ultima_atualizacao,ua1_0.tipo,uas1_0.id,uas1_0.fk_empresa,e4_0.id,e4_0.bairro,e4_0.cep,e4_0.cidade,e4_0.cnpj,e4_0.complemento,e4_0.data_cadastro,e4_0.data_ultima_atualizacao,e4_0.email,e4_0.estado,e4_0.fk_upload,e4_0.logradouro,m7_0.id,m7_0.bairro,m7_0.cep,m7_0.cidade,m7_0.cnpj,m7_0.complemento,m7_0.data_cadastro,m7_0.data_ultima_atualizacao,m7_0.email,m7_0.estado,m7_0.fk_upload,m7_0.logradouro,m7_0.fk_empresa_matriz,m7_0.nome_fantasia,m7_0.numero_logradouro,m7_0.razao_social,m7_0.telefone,m7_0.usuario_cadastro,m7_0.usuario_ultima_atualizacao,e4_0.nome_fantasia,e4_0.numero_logradouro,e4_0.razao_social,e4_0.telefone,e4_0.usuario_cadastro,e4_0.usuario_ultima_atualizacao,uas1_0.nome,r2_0.id,r2_0.bairro,r2_0.fk_cargo,c4_0.id,c4_0.fk_empresa,e5_0.id,e5_0.bairro,e5_0.cep,e5_0.cidade,e5_0.cnpj,e5_0.complemento,e5_0.data_cadastro,e5_0.data_ultima_atualizacao,e5_0.email,e5_0.estado,e5_0.fk_upload,e5_0.logradouro,m9_0.id,m9_0.bairro,m9_0.cep,m9_0.cidade,m9_0.cnpj,m9_0.complemento,m9_0.data_cadastro,m9_0.data_ultima_atualizacao,m9_0.email,m9_0.estado,m9_0.fk_upload,m9_0.logradouro,m9_0.fk_empresa_matriz,m9_0.nome_fantasia,m9_0.numero_logradouro,m9_0.razao_social,m9_0.telefone,m9_0.usuario_cadastro,m9_0.usuario_ultima_atualizacao,e5_0.nome_fantasia,e5_0.numero_logradouro,e5_0.razao_social,e5_0.telefone,e5_0.usuario_cadastro,e5_0.usuario_ultima_atualizacao,c4_0.nome,r2_0.cep,r2_0.cidade,r2_0.complemento,r2_0.cpf,r2_0.data_cadastro,r2_0.data_ultima_atualizacao,r2_0.email,r2_0.estado,r2_0.logradouro,r2_0.nome,r2_0.numero_logradouro,r2_0.telefone,r2_0.fk_unidade_administrativa,r2_0.usuario_cadastro,r2_0.usuario_ultima_atualizacao,uas1_0.tipo,uas1_0.fk_unidade_administrativa_superior,c1_0.usuario_cadastro,c1_0.usuario_ultima_atualizacao from colaborador c1_0 join cargo c2_0 on c2_0.id=c1_0.fk_cargo join empresa e1_0 on e1_0.id=c2_0.fk_empresa left join empresa m1_0 on m1_0.id=e1_0.fk_empresa_matriz join unidade_administrativa ua1_0 on ua1_0.id=c1_0.fk_unidade_administrativa join empresa e2_0 on e2_0.id=ua1_0.fk_empresa left join empresa m3_0 on m3_0.id=e2_0.fk_empresa_matriz left join colaborador r1_0 on r1_0.id=ua1_0.fk_colaborador_responsavel left join cargo c3_0 on c3_0.id=r1_0.fk_cargo left join empresa e3_0 on e3_0.id=c3_0.fk_empresa left join empresa m5_0 on m5_0.id=e3_0.fk_empresa_matriz left join unidade_administrativa uas1_0 on uas1_0.id=ua1_0.fk_unidade_administrativa_superior left join empresa e4_0 on e4_0.id=uas1_0.fk_empresa left join empresa m7_0 on m7_0.id=e4_0.fk_empresa_matriz left join colaborador r2_0 on r2_0.id=uas1_0.fk_colaborador_responsavel left join cargo c4_0 on c4_0.id=r2_0.fk_cargo left join empresa e5_0 on e5_0.id=c4_0.fk_empresa left join empresa m9_0 on m9_0.id=e5_0.fk_empresa_matriz where c1_0.id=?
&amp#27;[36m22/11/2024 22:48:23,064&amp#27;[0;39m &amp#27;[35mequipe&amp#27;[0;39m &amp#27;[32m0.0.0.0&amp#27;[0;39m &amp#27;[33manônimo&amp#27;[0;39m &amp#27;[34mINFO Alterar colaborador Colaborador(nome=Colaborador de testes)&amp#27;[0;39m  com.github.andrepenteado.sso.equipe.resources.ColaboradorResource 
&amp#27;[36m22/11/2024 22:48:23,065&amp#27;[0;39m &amp#27;[35mequipe&amp#27;[0;39m &amp#27;[32m0.0.0.0&amp#27;[0;39m &amp#27;[33manônimo&amp#27;[0;39m &amp#27;[34mINFO Buscar colaborador por ID #100&amp#27;[0;39m  com.github.andrepenteado.sso.equipe.resources.ColaboradorResource 
&amp#27;[36m22/11/2024 22:48:23,076&amp#27;[0;39m &amp#27;[35mequipe&amp#27;[0;39m &amp#27;[32m0.0.0.0&amp#27;[0;39m &amp#27;[33manônimo&amp#27;[0;39m &amp#27;[34mINFO Alterar colaborador Colaborador(nome=null)&amp#27;[0;39m  com.github.andrepenteado.sso.equipe.resources.ColaboradorResource 
&amp#27;[36m22/11/2024 22:48:23,077&amp#27;[0;39m &amp#27;[35mequipe&amp#27;[0;39m &amp#27;[32m0.0.0.0&amp#27;[0;39m &amp#27;[33manônimo&amp#27;[0;39m &amp#27;[34mINFO Buscar colaborador por ID #100&amp#27;[0;39m  com.github.andrepenteado.sso.equipe.resources.ColaboradorResource 
]]></system-out>
  </testcase>
  <testcase name="testBuscar" classname="com.github.andrepenteado.sso.equipe.resources.ColaboradorResourceTest" time="0.041">
    <system-out><![CDATA[&amp#27;[36m22/11/2024 22:48:23,100&amp#27;[0;39m &amp#27;[35mequipe&amp#27;[0;39m &amp#27;[32m0.0.0.0&amp#27;[0;39m &amp#27;[33manônimo&amp#27;[0;39m &amp#27;[34mINFO Buscar colaborador por ID #100&amp#27;[0;39m  com.github.andrepenteado.sso.equipe.resources.ColaboradorResource 
Hibernate: select c1_0.id,c1_0.bairro,c1_0.fk_cargo,c2_0.id,c2_0.fk_empresa,e1_0.id,e1_0.bairro,e1_0.cep,e1_0.cidade,e1_0.cnpj,e1_0.complemento,e1_0.data_cadastro,e1_0.data_ultima_atualizacao,e1_0.email,e1_0.estado,e1_0.fk_upload,e1_0.logradouro,m1_0.id,m1_0.bairro,m1_0.cep,m1_0.cidade,m1_0.cnpj,m1_0.complemento,m1_0.data_cadastro,m1_0.data_ultima_atualizacao,m1_0.email,m1_0.estado,m1_0.fk_upload,m1_0.logradouro,m1_0.fk_empresa_matriz,m1_0.nome_fantasia,m1_0.numero_logradouro,m1_0.razao_social,m1_0.telefone,m1_0.usuario_cadastro,m1_0.usuario_ultima_atualizacao,e1_0.nome_fantasia,e1_0.numero_logradouro,e1_0.razao_social,e1_0.telefone,e1_0.usuario_cadastro,e1_0.usuario_ultima_atualizacao,c2_0.nome,c1_0.cep,c1_0.cidade,c1_0.complemento,c1_0.cpf,c1_0.data_cadastro,c1_0.data_ultima_atualizacao,c1_0.email,c1_0.estado,c1_0.logradouro,c1_0.nome,c1_0.numero_logradouro,c1_0.telefone,c1_0.fk_unidade_administrativa,ua1_0.id,ua1_0.fk_empresa,e2_0.id,e2_0.bairro,e2_0.cep,e2_0.cidade,e2_0.cnpj,e2_0.complemento,e2_0.data_cadastro,e2_0.data_ultima_atualizacao,e2_0.email,e2_0.estado,e2_0.fk_upload,e2_0.logradouro,m3_0.id,m3_0.bairro,m3_0.cep,m3_0.cidade,m3_0.cnpj,m3_0.complemento,m3_0.data_cadastro,m3_0.data_ultima_atualizacao,m3_0.email,m3_0.estado,m3_0.fk_upload,m3_0.logradouro,m3_0.fk_empresa_matriz,m3_0.nome_fantasia,m3_0.numero_logradouro,m3_0.razao_social,m3_0.telefone,m3_0.usuario_cadastro,m3_0.usuario_ultima_atualizacao,e2_0.nome_fantasia,e2_0.numero_logradouro,e2_0.razao_social,e2_0.telefone,e2_0.usuario_cadastro,e2_0.usuario_ultima_atualizacao,ua1_0.nome,r1_0.id,r1_0.bairro,r1_0.fk_cargo,c3_0.id,c3_0.fk_empresa,e3_0.id,e3_0.bairro,e3_0.cep,e3_0.cidade,e3_0.cnpj,e3_0.complemento,e3_0.data_cadastro,e3_0.data_ultima_atualizacao,e3_0.email,e3_0.estado,e3_0.fk_upload,e3_0.logradouro,m5_0.id,m5_0.bairro,m5_0.cep,m5_0.cidade,m5_0.cnpj,m5_0.complemento,m5_0.data_cadastro,m5_0.data_ultima_atualizacao,m5_0.email,m5_0.estado,m5_0.fk_upload,m5_0.logradouro,m5_0.fk_empresa_matriz,m5_0.nome_fantasia,m5_0.numero_logradouro,m5_0.razao_social,m5_0.telefone,m5_0.usuario_cadastro,m5_0.usuario_ultima_atualizacao,e3_0.nome_fantasia,e3_0.numero_logradouro,e3_0.razao_social,e3_0.telefone,e3_0.usuario_cadastro,e3_0.usuario_ultima_atualizacao,c3_0.nome,r1_0.cep,r1_0.cidade,r1_0.complemento,r1_0.cpf,r1_0.data_cadastro,r1_0.data_ultima_atualizacao,r1_0.email,r1_0.estado,r1_0.logradouro,r1_0.nome,r1_0.numero_logradouro,r1_0.telefone,r1_0.fk_unidade_administrativa,r1_0.usuario_cadastro,r1_0.usuario_ultima_atualizacao,ua1_0.tipo,uas1_0.id,uas1_0.fk_empresa,e4_0.id,e4_0.bairro,e4_0.cep,e4_0.cidade,e4_0.cnpj,e4_0.complemento,e4_0.data_cadastro,e4_0.data_ultima_atualizacao,e4_0.email,e4_0.estado,e4_0.fk_upload,e4_0.logradouro,m7_0.id,m7_0.bairro,m7_0.cep,m7_0.cidade,m7_0.cnpj,m7_0.complemento,m7_0.data_cadastro,m7_0.data_ultima_atualizacao,m7_0.email,m7_0.estado,m7_0.fk_upload,m7_0.logradouro,m7_0.fk_empresa_matriz,m7_0.nome_fantasia,m7_0.numero_logradouro,m7_0.razao_social,m7_0.telefone,m7_0.usuario_cadastro,m7_0.usuario_ultima_atualizacao,e4_0.nome_fantasia,e4_0.numero_logradouro,e4_0.razao_social,e4_0.telefone,e4_0.usuario_cadastro,e4_0.usuario_ultima_atualizacao,uas1_0.nome,r2_0.id,r2_0.bairro,r2_0.fk_cargo,c4_0.id,c4_0.fk_empresa,e5_0.id,e5_0.bairro,e5_0.cep,e5_0.cidade,e5_0.cnpj,e5_0.complemento,e5_0.data_cadastro,e5_0.data_ultima_atualizacao,e5_0.email,e5_0.estado,e5_0.fk_upload,e5_0.logradouro,m9_0.id,m9_0.bairro,m9_0.cep,m9_0.cidade,m9_0.cnpj,m9_0.complemento,m9_0.data_cadastro,m9_0.data_ultima_atualizacao,m9_0.email,m9_0.estado,m9_0.fk_upload,m9_0.logradouro,m9_0.fk_empresa_matriz,m9_0.nome_fantasia,m9_0.numero_logradouro,m9_0.razao_social,m9_0.telefone,m9_0.usuario_cadastro,m9_0.usuario_ultima_atualizacao,e5_0.nome_fantasia,e5_0.numero_logradouro,e5_0.razao_social,e5_0.telefone,e5_0.usuario_cadastro,e5_0.usuario_ultima_atualizacao,c4_0.nome,r2_0.cep,r2_0.cidade,r2_0.complemento,r2_0.cpf,r2_0.data_cadastro,r2_0.data_ultima_atualizacao,r2_0.email,r2_0.estado,r2_0.logradouro,r2_0.nome,r2_0.numero_logradouro,r2_0.telefone,r2_0.fk_unidade_administrativa,r2_0.usuario_cadastro,r2_0.usuario_ultima_atualizacao,uas1_0.tipo,uas1_0.fk_unidade_administrativa_superior,c1_0.usuario_cadastro,c1_0.usuario_ultima_atualizacao from colaborador c1_0 join cargo c2_0 on c2_0.id=c1_0.fk_cargo join empresa e1_0 on e1_0.id=c2_0.fk_empresa left join empresa m1_0 on m1_0.id=e1_0.fk_empresa_matriz join unidade_administrativa ua1_0 on ua1_0.id=c1_0.fk_unidade_administrativa join empresa e2_0 on e2_0.id=ua1_0.fk_empresa left join empresa m3_0 on m3_0.id=e2_0.fk_empresa_matriz left join colaborador r1_0 on r1_0.id=ua1_0.fk_colaborador_responsavel left join cargo c3_0 on c3_0.id=r1_0.fk_cargo left join empresa e3_0 on e3_0.id=c3_0.fk_empresa left join empresa m5_0 on m5_0.id=e3_0.fk_empresa_matriz left join unidade_administrativa uas1_0 on uas1_0.id=ua1_0.fk_unidade_administrativa_superior left join empresa e4_0 on e4_0.id=uas1_0.fk_empresa left join empresa m7_0 on m7_0.id=e4_0.fk_empresa_matriz left join colaborador r2_0 on r2_0.id=uas1_0.fk_colaborador_responsavel left join cargo c4_0 on c4_0.id=r2_0.fk_cargo left join empresa e5_0 on e5_0.id=c4_0.fk_empresa left join empresa m9_0 on m9_0.id=e5_0.fk_empresa_matriz where c1_0.id=?
&amp#27;[36m22/11/2024 22:48:23,113&amp#27;[0;39m &amp#27;[35mequipe&amp#27;[0;39m &amp#27;[32m0.0.0.0&amp#27;[0;39m &amp#27;[33manônimo&amp#27;[0;39m &amp#27;[34mINFO Buscar colaborador por ID #999&amp#27;[0;39m  com.github.andrepenteado.sso.equipe.resources.ColaboradorResource 
Hibernate: select c1_0.id,c1_0.bairro,c1_0.fk_cargo,c2_0.id,c2_0.fk_empresa,e1_0.id,e1_0.bairro,e1_0.cep,e1_0.cidade,e1_0.cnpj,e1_0.complemento,e1_0.data_cadastro,e1_0.data_ultima_atualizacao,e1_0.email,e1_0.estado,e1_0.fk_upload,e1_0.logradouro,m1_0.id,m1_0.bairro,m1_0.cep,m1_0.cidade,m1_0.cnpj,m1_0.complemento,m1_0.data_cadastro,m1_0.data_ultima_atualizacao,m1_0.email,m1_0.estado,m1_0.fk_upload,m1_0.logradouro,m1_0.fk_empresa_matriz,m1_0.nome_fantasia,m1_0.numero_logradouro,m1_0.razao_social,m1_0.telefone,m1_0.usuario_cadastro,m1_0.usuario_ultima_atualizacao,e1_0.nome_fantasia,e1_0.numero_logradouro,e1_0.razao_social,e1_0.telefone,e1_0.usuario_cadastro,e1_0.usuario_ultima_atualizacao,c2_0.nome,c1_0.cep,c1_0.cidade,c1_0.complemento,c1_0.cpf,c1_0.data_cadastro,c1_0.data_ultima_atualizacao,c1_0.email,c1_0.estado,c1_0.logradouro,c1_0.nome,c1_0.numero_logradouro,c1_0.telefone,c1_0.fk_unidade_administrativa,ua1_0.id,ua1_0.fk_empresa,e2_0.id,e2_0.bairro,e2_0.cep,e2_0.cidade,e2_0.cnpj,e2_0.complemento,e2_0.data_cadastro,e2_0.data_ultima_atualizacao,e2_0.email,e2_0.estado,e2_0.fk_upload,e2_0.logradouro,m3_0.id,m3_0.bairro,m3_0.cep,m3_0.cidade,m3_0.cnpj,m3_0.complemento,m3_0.data_cadastro,m3_0.data_ultima_atualizacao,m3_0.email,m3_0.estado,m3_0.fk_upload,m3_0.logradouro,m3_0.fk_empresa_matriz,m3_0.nome_fantasia,m3_0.numero_logradouro,m3_0.razao_social,m3_0.telefone,m3_0.usuario_cadastro,m3_0.usuario_ultima_atualizacao,e2_0.nome_fantasia,e2_0.numero_logradouro,e2_0.razao_social,e2_0.telefone,e2_0.usuario_cadastro,e2_0.usuario_ultima_atualizacao,ua1_0.nome,r1_0.id,r1_0.bairro,r1_0.fk_cargo,c3_0.id,c3_0.fk_empresa,e3_0.id,e3_0.bairro,e3_0.cep,e3_0.cidade,e3_0.cnpj,e3_0.complemento,e3_0.data_cadastro,e3_0.data_ultima_atualizacao,e3_0.email,e3_0.estado,e3_0.fk_upload,e3_0.logradouro,m5_0.id,m5_0.bairro,m5_0.cep,m5_0.cidade,m5_0.cnpj,m5_0.complemento,m5_0.data_cadastro,m5_0.data_ultima_atualizacao,m5_0.email,m5_0.estado,m5_0.fk_upload,m5_0.logradouro,m5_0.fk_empresa_matriz,m5_0.nome_fantasia,m5_0.numero_logradouro,m5_0.razao_social,m5_0.telefone,m5_0.usuario_cadastro,m5_0.usuario_ultima_atualizacao,e3_0.nome_fantasia,e3_0.numero_logradouro,e3_0.razao_social,e3_0.telefone,e3_0.usuario_cadastro,e3_0.usuario_ultima_atualizacao,c3_0.nome,r1_0.cep,r1_0.cidade,r1_0.complemento,r1_0.cpf,r1_0.data_cadastro,r1_0.data_ultima_atualizacao,r1_0.email,r1_0.estado,r1_0.logradouro,r1_0.nome,r1_0.numero_logradouro,r1_0.telefone,r1_0.fk_unidade_administrativa,r1_0.usuario_cadastro,r1_0.usuario_ultima_atualizacao,ua1_0.tipo,uas1_0.id,uas1_0.fk_empresa,e4_0.id,e4_0.bairro,e4_0.cep,e4_0.cidade,e4_0.cnpj,e4_0.complemento,e4_0.data_cadastro,e4_0.data_ultima_atualizacao,e4_0.email,e4_0.estado,e4_0.fk_upload,e4_0.logradouro,m7_0.id,m7_0.bairro,m7_0.cep,m7_0.cidade,m7_0.cnpj,m7_0.complemento,m7_0.data_cadastro,m7_0.data_ultima_atualizacao,m7_0.email,m7_0.estado,m7_0.fk_upload,m7_0.logradouro,m7_0.fk_empresa_matriz,m7_0.nome_fantasia,m7_0.numero_logradouro,m7_0.razao_social,m7_0.telefone,m7_0.usuario_cadastro,m7_0.usuario_ultima_atualizacao,e4_0.nome_fantasia,e4_0.numero_logradouro,e4_0.razao_social,e4_0.telefone,e4_0.usuario_cadastro,e4_0.usuario_ultima_atualizacao,uas1_0.nome,r2_0.id,r2_0.bairro,r2_0.fk_cargo,c4_0.id,c4_0.fk_empresa,e5_0.id,e5_0.bairro,e5_0.cep,e5_0.cidade,e5_0.cnpj,e5_0.complemento,e5_0.data_cadastro,e5_0.data_ultima_atualizacao,e5_0.email,e5_0.estado,e5_0.fk_upload,e5_0.logradouro,m9_0.id,m9_0.bairro,m9_0.cep,m9_0.cidade,m9_0.cnpj,m9_0.complemento,m9_0.data_cadastro,m9_0.data_ultima_atualizacao,m9_0.email,m9_0.estado,m9_0.fk_upload,m9_0.logradouro,m9_0.fk_empresa_matriz,m9_0.nome_fantasia,m9_0.numero_logradouro,m9_0.razao_social,m9_0.telefone,m9_0.usuario_cadastro,m9_0.usuario_ultima_atualizacao,e5_0.nome_fantasia,e5_0.numero_logradouro,e5_0.razao_social,e5_0.telefone,e5_0.usuario_cadastro,e5_0.usuario_ultima_atualizacao,c4_0.nome,r2_0.cep,r2_0.cidade,r2_0.complemento,r2_0.cpf,r2_0.data_cadastro,r2_0.data_ultima_atualizacao,r2_0.email,r2_0.estado,r2_0.logradouro,r2_0.nome,r2_0.numero_logradouro,r2_0.telefone,r2_0.fk_unidade_administrativa,r2_0.usuario_cadastro,r2_0.usuario_ultima_atualizacao,uas1_0.tipo,uas1_0.fk_unidade_administrativa_superior,c1_0.usuario_cadastro,c1_0.usuario_ultima_atualizacao from colaborador c1_0 join cargo c2_0 on c2_0.id=c1_0.fk_cargo join empresa e1_0 on e1_0.id=c2_0.fk_empresa left join empresa m1_0 on m1_0.id=e1_0.fk_empresa_matriz join unidade_administrativa ua1_0 on ua1_0.id=c1_0.fk_unidade_administrativa join empresa e2_0 on e2_0.id=ua1_0.fk_empresa left join empresa m3_0 on m3_0.id=e2_0.fk_empresa_matriz left join colaborador r1_0 on r1_0.id=ua1_0.fk_colaborador_responsavel left join cargo c3_0 on c3_0.id=r1_0.fk_cargo left join empresa e3_0 on e3_0.id=c3_0.fk_empresa left join empresa m5_0 on m5_0.id=e3_0.fk_empresa_matriz left join unidade_administrativa uas1_0 on uas1_0.id=ua1_0.fk_unidade_administrativa_superior left join empresa e4_0 on e4_0.id=uas1_0.fk_empresa left join empresa m7_0 on m7_0.id=e4_0.fk_empresa_matriz left join colaborador r2_0 on r2_0.id=uas1_0.fk_colaborador_responsavel left join cargo c4_0 on c4_0.id=r2_0.fk_cargo left join empresa e5_0 on e5_0.id=c4_0.fk_empresa left join empresa m9_0 on m9_0.id=e5_0.fk_empresa_matriz where c1_0.id=?
]]></system-out>
  </testcase>
  <testcase name="testListar" classname="com.github.andrepenteado.sso.equipe.resources.ColaboradorResourceTest" time="0.046">
    <system-out><![CDATA[&amp#27;[36m22/11/2024 22:48:23,142&amp#27;[0;39m &amp#27;[35mequipe&amp#27;[0;39m &amp#27;[32m0.0.0.0&amp#27;[0;39m &amp#27;[33manônimo&amp#27;[0;39m &amp#27;[34mINFO Listar todos colaboradores&amp#27;[0;39m  com.github.andrepenteado.sso.equipe.resources.ColaboradorResource 
Hibernate: select c1_0.id,c1_0.bairro,c1_0.fk_cargo,c1_0.cep,c1_0.cidade,c1_0.complemento,c1_0.cpf,c1_0.data_cadastro,c1_0.data_ultima_atualizacao,c1_0.email,c1_0.estado,c1_0.logradouro,c1_0.nome,c1_0.numero_logradouro,c1_0.telefone,c1_0.fk_unidade_administrativa,c1_0.usuario_cadastro,c1_0.usuario_ultima_atualizacao from colaborador c1_0 order by c1_0.nome
Hibernate: select c1_0.id,c1_0.fk_empresa,e1_0.id,e1_0.bairro,e1_0.cep,e1_0.cidade,e1_0.cnpj,e1_0.complemento,e1_0.data_cadastro,e1_0.data_ultima_atualizacao,e1_0.email,e1_0.estado,e1_0.fk_upload,e1_0.logradouro,m1_0.id,m1_0.bairro,m1_0.cep,m1_0.cidade,m1_0.cnpj,m1_0.complemento,m1_0.data_cadastro,m1_0.data_ultima_atualizacao,m1_0.email,m1_0.estado,m1_0.fk_upload,m1_0.logradouro,m1_0.fk_empresa_matriz,m1_0.nome_fantasia,m1_0.numero_logradouro,m1_0.razao_social,m1_0.telefone,m1_0.usuario_cadastro,m1_0.usuario_ultima_atualizacao,e1_0.nome_fantasia,e1_0.numero_logradouro,e1_0.razao_social,e1_0.telefone,e1_0.usuario_cadastro,e1_0.usuario_ultima_atualizacao,c1_0.nome from cargo c1_0 join empresa e1_0 on e1_0.id=c1_0.fk_empresa left join empresa m1_0 on m1_0.id=e1_0.fk_empresa_matriz where c1_0.id=?
Hibernate: select ua1_0.id,ua1_0.fk_empresa,e1_0.id,e1_0.bairro,e1_0.cep,e1_0.cidade,e1_0.cnpj,e1_0.complemento,e1_0.data_cadastro,e1_0.data_ultima_atualizacao,e1_0.email,e1_0.estado,e1_0.fk_upload,e1_0.logradouro,m1_0.id,m1_0.bairro,m1_0.cep,m1_0.cidade,m1_0.cnpj,m1_0.complemento,m1_0.data_cadastro,m1_0.data_ultima_atualizacao,m1_0.email,m1_0.estado,m1_0.fk_upload,m1_0.logradouro,m1_0.fk_empresa_matriz,m1_0.nome_fantasia,m1_0.numero_logradouro,m1_0.razao_social,m1_0.telefone,m1_0.usuario_cadastro,m1_0.usuario_ultima_atualizacao,e1_0.nome_fantasia,e1_0.numero_logradouro,e1_0.razao_social,e1_0.telefone,e1_0.usuario_cadastro,e1_0.usuario_ultima_atualizacao,ua1_0.nome,r1_0.id,r1_0.bairro,r1_0.fk_cargo,c1_0.id,c1_0.fk_empresa,e2_0.id,e2_0.bairro,e2_0.cep,e2_0.cidade,e2_0.cnpj,e2_0.complemento,e2_0.data_cadastro,e2_0.data_ultima_atualizacao,e2_0.email,e2_0.estado,e2_0.fk_upload,e2_0.logradouro,m3_0.id,m3_0.bairro,m3_0.cep,m3_0.cidade,m3_0.cnpj,m3_0.complemento,m3_0.data_cadastro,m3_0.data_ultima_atualizacao,m3_0.email,m3_0.estado,m3_0.fk_upload,m3_0.logradouro,m3_0.fk_empresa_matriz,m3_0.nome_fantasia,m3_0.numero_logradouro,m3_0.razao_social,m3_0.telefone,m3_0.usuario_cadastro,m3_0.usuario_ultima_atualizacao,e2_0.nome_fantasia,e2_0.numero_logradouro,e2_0.razao_social,e2_0.telefone,e2_0.usuario_cadastro,e2_0.usuario_ultima_atualizacao,c1_0.nome,r1_0.cep,r1_0.cidade,r1_0.complemento,r1_0.cpf,r1_0.data_cadastro,r1_0.data_ultima_atualizacao,r1_0.email,r1_0.estado,r1_0.logradouro,r1_0.nome,r1_0.numero_logradouro,r1_0.telefone,r1_0.fk_unidade_administrativa,ua2_0.id,ua2_0.fk_empresa,e3_0.id,e3_0.bairro,e3_0.cep,e3_0.cidade,e3_0.cnpj,e3_0.complemento,e3_0.data_cadastro,e3_0.data_ultima_atualizacao,e3_0.email,e3_0.estado,e3_0.fk_upload,e3_0.logradouro,m5_0.id,m5_0.bairro,m5_0.cep,m5_0.cidade,m5_0.cnpj,m5_0.complemento,m5_0.data_cadastro,m5_0.data_ultima_atualizacao,m5_0.email,m5_0.estado,m5_0.fk_upload,m5_0.logradouro,m5_0.fk_empresa_matriz,m5_0.nome_fantasia,m5_0.numero_logradouro,m5_0.razao_social,m5_0.telefone,m5_0.usuario_cadastro,m5_0.usuario_ultima_atualizacao,e3_0.nome_fantasia,e3_0.numero_logradouro,e3_0.razao_social,e3_0.telefone,e3_0.usuario_cadastro,e3_0.usuario_ultima_atualizacao,ua2_0.nome,ua2_0.fk_colaborador_responsavel,ua2_0.tipo,uas1_0.id,uas1_0.fk_empresa,e4_0.id,e4_0.bairro,e4_0.cep,e4_0.cidade,e4_0.cnpj,e4_0.complemento,e4_0.data_cadastro,e4_0.data_ultima_atualizacao,e4_0.email,e4_0.estado,e4_0.fk_upload,e4_0.logradouro,m7_0.id,m7_0.bairro,m7_0.cep,m7_0.cidade,m7_0.cnpj,m7_0.complemento,m7_0.data_cadastro,m7_0.data_ultima_atualizacao,m7_0.email,m7_0.estado,m7_0.fk_upload,m7_0.logradouro,m7_0.fk_empresa_matriz,m7_0.nome_fantasia,m7_0.numero_logradouro,m7_0.razao_social,m7_0.telefone,m7_0.usuario_cadastro,m7_0.usuario_ultima_atualizacao,e4_0.nome_fantasia,e4_0.numero_logradouro,e4_0.razao_social,e4_0.telefone,e4_0.usuario_cadastro,e4_0.usuario_ultima_atualizacao,uas1_0.nome,uas1_0.fk_colaborador_responsavel,uas1_0.tipo,uas1_0.fk_unidade_administrativa_superior,r1_0.usuario_cadastro,r1_0.usuario_ultima_atualizacao,ua1_0.tipo,uas3_0.id,uas3_0.fk_empresa,e5_0.id,e5_0.bairro,e5_0.cep,e5_0.cidade,e5_0.cnpj,e5_0.complemento,e5_0.data_cadastro,e5_0.data_ultima_atualizacao,e5_0.email,e5_0.estado,e5_0.fk_upload,e5_0.logradouro,m9_0.id,m9_0.bairro,m9_0.cep,m9_0.cidade,m9_0.cnpj,m9_0.complemento,m9_0.data_cadastro,m9_0.data_ultima_atualizacao,m9_0.email,m9_0.estado,m9_0.fk_upload,m9_0.logradouro,m9_0.fk_empresa_matriz,m9_0.nome_fantasia,m9_0.numero_logradouro,m9_0.razao_social,m9_0.telefone,m9_0.usuario_cadastro,m9_0.usuario_ultima_atualizacao,e5_0.nome_fantasia,e5_0.numero_logradouro,e5_0.razao_social,e5_0.telefone,e5_0.usuario_cadastro,e5_0.usuario_ultima_atualizacao,uas3_0.nome,r4_0.id,r4_0.bairro,r4_0.fk_cargo,c2_0.id,c2_0.fk_empresa,e6_0.id,e6_0.bairro,e6_0.cep,e6_0.cidade,e6_0.cnpj,e6_0.complemento,e6_0.data_cadastro,e6_0.data_ultima_atualizacao,e6_0.email,e6_0.estado,e6_0.fk_upload,e6_0.logradouro,m11_0.id,m11_0.bairro,m11_0.cep,m11_0.cidade,m11_0.cnpj,m11_0.complemento,m11_0.data_cadastro,m11_0.data_ultima_atualizacao,m11_0.email,m11_0.estado,m11_0.fk_upload,m11_0.logradouro,m11_0.fk_empresa_matriz,m11_0.nome_fantasia,m11_0.numero_logradouro,m11_0.razao_social,m11_0.telefone,m11_0.usuario_cadastro,m11_0.usuario_ultima_atualizacao,e6_0.nome_fantasia,e6_0.numero_logradouro,e6_0.razao_social,e6_0.telefone,e6_0.usuario_cadastro,e6_0.usuario_ultima_atualizacao,c2_0.nome,r4_0.cep,r4_0.cidade,r4_0.complemento,r4_0.cpf,r4_0.data_cadastro,r4_0.data_ultima_atualizacao,r4_0.email,r4_0.estado,r4_0.logradouro,r4_0.nome,r4_0.numero_logradouro,r4_0.telefone,r4_0.fk_unidade_administrativa,ua3_0.id,ua3_0.fk_empresa,e7_0.id,e7_0.bairro,e7_0.cep,e7_0.cidade,e7_0.cnpj,e7_0.complemento,e7_0.data_cadastro,e7_0.data_ultima_atualizacao,e7_0.email,e7_0.estado,e7_0.fk_upload,e7_0.logradouro,m13_0.id,m13_0.bairro,m13_0.cep,m13_0.cidade,m13_0.cnpj,m13_0.complemento,m13_0.data_cadastro,m13_0.data_ultima_atualizacao,m13_0.email,m13_0.estado,m13_0.fk_upload,m13_0.logradouro,m13_0.fk_empresa_matriz,m13_0.nome_fantasia,m13_0.numero_logradouro,m13_0.razao_social,m13_0.telefone,m13_0.usuario_cadastro,m13_0.usuario_ultima_atualizacao,e7_0.nome_fantasia,e7_0.numero_logradouro,e7_0.razao_social,e7_0.telefone,e7_0.usuario_cadastro,e7_0.usuario_ultima_atualizacao,ua3_0.nome,ua3_0.fk_colaborador_responsavel,ua3_0.tipo,ua3_0.fk_unidade_administrativa_superior,r4_0.usuario_cadastro,r4_0.usuario_ultima_atualizacao,uas3_0.tipo,uas3_0.fk_unidade_administrativa_superior from unidade_administrativa ua1_0 join empresa e1_0 on e1_0.id=ua1_0.fk_empresa left join empresa m1_0 on m1_0.id=e1_0.fk_empresa_matriz left join colaborador r1_0 on r1_0.id=ua1_0.fk_colaborador_responsavel left join cargo c1_0 on c1_0.id=r1_0.fk_cargo left join empresa e2_0 on e2_0.id=c1_0.fk_empresa left join empresa m3_0 on m3_0.id=e2_0.fk_empresa_matriz left join unidade_administrativa ua2_0 on ua2_0.id=r1_0.fk_unidade_administrativa left join empresa e3_0 on e3_0.id=ua2_0.fk_empresa left join empresa m5_0 on m5_0.id=e3_0.fk_empresa_matriz left join unidade_administrativa uas1_0 on uas1_0.id=ua2_0.fk_unidade_administrativa_superior left join empresa e4_0 on e4_0.id=uas1_0.fk_empresa left join empresa m7_0 on m7_0.id=e4_0.fk_empresa_matriz left join unidade_administrativa uas3_0 on uas3_0.id=ua1_0.fk_unidade_administrativa_superior left join empresa e5_0 on e5_0.id=uas3_0.fk_empresa left join empresa m9_0 on m9_0.id=e5_0.fk_empresa_matriz left join colaborador r4_0 on r4_0.id=uas3_0.fk_colaborador_responsavel left join cargo c2_0 on c2_0.id=r4_0.fk_cargo left join empresa e6_0 on e6_0.id=c2_0.fk_empresa left join empresa m11_0 on m11_0.id=e6_0.fk_empresa_matriz left join unidade_administrativa ua3_0 on ua3_0.id=r4_0.fk_unidade_administrativa left join empresa e7_0 on e7_0.id=ua3_0.fk_empresa left join empresa m13_0 on m13_0.id=e7_0.fk_empresa_matriz where ua1_0.id=?
]]></system-out>
  </testcase>
  <testcase name="testIncluir" classname="com.github.andrepenteado.sso.equipe.resources.ColaboradorResourceTest" time="0.068">
    <system-out><![CDATA[&amp#27;[36m22/11/2024 22:48:23,194&amp#27;[0;39m &amp#27;[35mequipe&amp#27;[0;39m &amp#27;[32m0.0.0.0&amp#27;[0;39m &amp#27;[33manônimo&amp#27;[0;39m &amp#27;[34mINFO Incluir novo colaborador Colaborador(nome=Colaborador de testes)&amp#27;[0;39m  com.github.andrepenteado.sso.equipe.resources.ColaboradorResource 
Hibernate: select c1_0.id,c1_0.bairro,c1_0.fk_cargo,c1_0.cep,c1_0.cidade,c1_0.complemento,c1_0.cpf,c1_0.data_cadastro,c1_0.data_ultima_atualizacao,c1_0.email,c1_0.estado,c1_0.logradouro,c1_0.nome,c1_0.numero_logradouro,c1_0.telefone,c1_0.fk_unidade_administrativa,c1_0.usuario_cadastro,c1_0.usuario_ultima_atualizacao from colaborador c1_0 where c1_0.cpf=?
Hibernate: insert into colaborador (bairro,fk_cargo,cep,cidade,complemento,cpf,data_cadastro,data_ultima_atualizacao,email,estado,logradouro,nome,numero_logradouro,telefone,fk_unidade_administrativa,usuario_cadastro,usuario_ultima_atualizacao) values (?,?,?,?,?,?,?,?,?,?,?,?,?,?,?,?,?)
&amp#27;[36m22/11/2024 22:48:23,218&amp#27;[0;39m &amp#27;[35mequipe&amp#27;[0;39m &amp#27;[32m0.0.0.0&amp#27;[0;39m &amp#27;[33manônimo&amp#27;[0;39m &amp#27;[34mINFO Incluir novo colaborador Colaborador(nome=null)&amp#27;[0;39m  com.github.andrepenteado.sso.equipe.resources.ColaboradorResource 
&amp#27;[36m22/11/2024 22:48:23,224&amp#27;[0;39m &amp#27;[35mequipe&amp#27;[0;39m &amp#27;[32m0.0.0.0&amp#27;[0;39m &amp#27;[33manônimo&amp#27;[0;39m &amp#27;[34mINFO Incluir novo colaborador Colaborador(nome=Colaborador de testes)&amp#27;[0;39m  com.github.andrepenteado.sso.equipe.resources.ColaboradorResource 
Hibernate: select c1_0.id,c1_0.bairro,c1_0.fk_cargo,c1_0.cep,c1_0.cidade,c1_0.complemento,c1_0.cpf,c1_0.data_cadastro,c1_0.data_ultima_atualizacao,c1_0.email,c1_0.estado,c1_0.logradouro,c1_0.nome,c1_0.numero_logradouro,c1_0.telefone,c1_0.fk_unidade_administrativa,c1_0.usuario_cadastro,c1_0.usuario_ultima_atualizacao from colaborador c1_0 where c1_0.cpf=?
]]></system-out>
  </testcase>
</testsuite>