<?xml version="1.0" encoding="UTF-8"?>
<testsuite xmlns:xsi="http://www.w3.org/2001/XMLSchema-instance" xsi:noNamespaceSchemaLocation="https://maven.apache.org/surefire/maven-surefire-plugin/xsd/surefire-test-report.xsd" version="3.0.2" name="com.github.andrepenteado.sso.equipe.resources.CargoResourceTest" time="9.834" tests="5" errors="0" skipped="0" failures="0">
  <properties>
[...]
</properties>
  <testcase name="testExcluir" classname="com.github.andrepenteado.sso.equipe.resources.CargoResourceTest" time="0.806">
    <system-out><![CDATA[22:48:13,084 |-INFO in ch.qos.logback.classic.LoggerContext[equipe] - This is logback-classic version 1.5.12
22:48:13,087 |-INFO in ch.qos.logback.classic.util.ContextInitializer@38234a38 - Here is a list of configurators discovered as a service, by rank: 
22:48:13,087 |-INFO in ch.qos.logback.classic.util.ContextInitializer@38234a38 -   org.springframework.boot.logging.logback.RootLogLevelConfigurator
22:48:13,087 |-INFO in ch.qos.logback.classic.util.ContextInitializer@38234a38 - They will be invoked in order until ExecutionStatus.DO_NOT_INVOKE_NEXT_IF_ANY is returned.
22:48:13,087 |-INFO in ch.qos.logback.classic.util.ContextInitializer@38234a38 - Constructed configurator of type class org.springframework.boot.logging.logback.RootLogLevelConfigurator
22:48:13,096 |-INFO in ch.qos.logback.classic.util.ContextInitializer@38234a38 - org.springframework.boot.logging.logback.RootLogLevelConfigurator.configure() call lasted 0 milliseconds. ExecutionStatus=INVOKE_NEXT_IF_ANY
22:48:13,096 |-INFO in ch.qos.logback.classic.util.ContextInitializer@38234a38 - Trying to configure with ch.qos.logback.classic.joran.SerializedModelConfigurator
22:48:13,097 |-INFO in ch.qos.logback.classic.util.ContextInitializer@38234a38 - Constructed configurator of type class ch.qos.logback.classic.joran.SerializedModelConfigurator
22:48:13,101 |-INFO in ch.qos.logback.classic.LoggerContext[equipe] - Could NOT find resource [logback-test.scmo]
22:48:13,101 |-INFO in ch.qos.logback.classic.LoggerContext[equipe] - Could NOT find resource [logback.scmo]
22:48:13,101 |-INFO in ch.qos.logback.classic.util.ContextInitializer@38234a38 - ch.qos.logback.classic.joran.SerializedModelConfigurator.configure() call lasted 4 milliseconds. ExecutionStatus=INVOKE_NEXT_IF_ANY
22:48:13,101 |-INFO in ch.qos.logback.classic.util.ContextInitializer@38234a38 - Trying to configure with ch.qos.logback.classic.util.DefaultJoranConfigurator
22:48:13,102 |-INFO in ch.qos.logback.classic.util.ContextInitializer@38234a38 - Constructed configurator of type class ch.qos.logback.classic.util.DefaultJoranConfigurator
22:48:13,102 |-INFO in ch.qos.logback.classic.LoggerContext[equipe] - Could NOT find resource [logback-test.xml]
22:48:13,105 |-INFO in ch.qos.logback.classic.LoggerContext[equipe] - Found resource [logback.xml] at [file:/C:/Users/andrepenteado/Projetos/apcode/apsso/backend/equipe/target/classes/logback.xml]
22:48:13,193 |-INFO in ch.qos.logback.classic.model.processor.ContextNameModelHandler - Setting logger context name as [equipe]
22:48:13,194 |-INFO in ch.qos.logback.core.joran.util.ConfigurationWatchListUtil@63fbfaeb - Adding [jar:file:/C:/Users/andrepenteado/.m2/repository/br/unesp/fc/andrepenteado/core/common/1.0.0/common-1.0.0.jar!/logback-common.xml] to configuration watch list.
22:48:13,194 |-INFO in ConfigurationWatchList(mainURL=file:/C:/Users/andrepenteado/Projetos/apcode/apsso/backend/equipe/target/classes/logback.xml, fileWatchList={C:\Users\andrepenteado\Projetos\apcode\apsso\backend\equipe\target\classes\logback.xml}, urlWatchList=[}) - Cannot watch [jar:file:/C:/Users/andrepenteado/.m2/repository/br/unesp/fc/andrepenteado/core/common/1.0.0/common-1.0.0.jar!/logback-common.xml] as its protocol is not one of file, http or https.
22:48:13,201 |-INFO in ch.qos.logback.core.model.processor.AppenderModelHandler - Processing appender named [CONSOLE]
22:48:13,201 |-INFO in ch.qos.logback.core.model.processor.AppenderModelHandler - About to instantiate appender of type [ch.qos.logback.core.ConsoleAppender]
22:48:13,210 |-INFO in ch.qos.logback.core.model.processor.ImplicitModelHandler - Assuming default type [ch.qos.logback.classic.encoder.PatternLayoutEncoder] for [encoder] property
22:48:13,212 |-INFO in ch.qos.logback.core.model.processor.ModelInterpretationContext@41e68d87 - value "%cyan(%d{"dd/MM/yyyy HH:mm:ss,SSS"}) %magenta(equipe) %green(%X{IP:-0.0.0.0}) %yellow(%X{USUARIO:-anônimo}) %highlight(%level %msg) %ex %class %n" substituted for "%cyan(%d{"dd/MM/yyyy HH:mm:ss,SSS"}) %magenta(${MODULE}) %green(%X{IP:-0.0.0.0}) %yellow(%X{USUARIO:-anônimo}) %highlight(%level %msg) %ex %class %n"
22:48:13,244 |-WARN in ch.qos.logback.core.model.processor.AppenderModelHandler - Appender named [LOKI] not referenced. Skipping further processing.
22:48:13,245 |-INFO in ch.qos.logback.classic.model.processor.RootLoggerModelHandler - Setting level of ROOT logger to INFO
22:48:13,245 |-INFO in ch.qos.logback.core.model.processor.AppenderRefModelHandler - Attaching appender named [CONSOLE] to Logger[ROOT]
22:48:13,246 |-WARN in ch.qos.logback.core.model.processor.ImplicitModelHandler - Ignoring unknown property [springProfile] in [ch.qos.logback.classic.Logger]
22:48:13,246 |-INFO in ch.qos.logback.core.model.processor.DefaultProcessor@49ff7d8c - End of configuration.
22:48:13,247 |-INFO in ch.qos.logback.classic.joran.JoranConfigurator@29526c05 - Registering current configuration as safe fallback point
22:48:13,247 |-INFO in ch.qos.logback.classic.util.ContextInitializer@38234a38 - ch.qos.logback.classic.util.DefaultJoranConfigurator.configure() call lasted 145 milliseconds. ExecutionStatus=DO_NOT_INVOKE_NEXT_IF_ANY

&amp#27;[36m22/11/2024 22:48:13,331&amp#27;[0;39m &amp#27;[35mequipe&amp#27;[0;39m &amp#27;[32m0.0.0.0&amp#27;[0;39m &amp#27;[33manônimo&amp#27;[0;39m &amp#27;[34mINFO Could not detect default configuration classes for test class [com.github.andrepenteado.sso.equipe.resources.CargoResourceTest]: CargoResourceTest does not declare any static, non-private, non-final, nested classes annotated with @Configuration.&amp#27;[0;39m  org.springframework.test.context.support.AnnotationConfigContextLoaderUtils 
&amp#27;[36m22/11/2024 22:48:13,494&amp#27;[0;39m &amp#27;[35mequipe&amp#27;[0;39m &amp#27;[32m0.0.0.0&amp#27;[0;39m &amp#27;[33manônimo&amp#27;[0;39m &amp#27;[34mINFO Found @SpringBootConfiguration com.github.andrepenteado.sso.equipe.EquipeApplication for test class com.github.andrepenteado.sso.equipe.resources.CargoResourceTest&amp#27;[0;39m  org.springframework.boot.test.context.SpringBootTestContextBootstrapper 
&amp#27;[36m22/11/2024 22:48:13,652&amp#27;[0;39m &amp#27;[35mequipe&amp#27;[0;39m &amp#27;[32m0.0.0.0&amp#27;[0;39m &amp#27;[33manônimo&amp#27;[0;39m &amp#27;[34mINFO Restart disabled due to context in which it is running&amp#27;[0;39m  org.springframework.boot.devtools.restart.RestartApplicationListener 

  .   ____          _            __ _ _
 /\\ / ___'_ __ _ _(_)_ __  __ _ \ \ \ \
( ( )\___ | '_ | '_| | '_ \/ _` | \ \ \ \
 \\/  ___)| |_)| | | | | || (_| |  ) ) ) )
  '  |____| .__|_| |_|_| |_\__, | / / / /
 =========|_|==============|___/=/_/_/_/

 :: Spring Boot ::                (v3.4.0)

&amp#27;[36m22/11/2024 22:48:14,220&amp#27;[0;39m &amp#27;[35mequipe&amp#27;[0;39m &amp#27;[32m0.0.0.0&amp#27;[0;39m &amp#27;[33manônimo&amp#27;[0;39m &amp#27;[34mINFO HV000001: Hibernate Validator 8.0.1.Final&amp#27;[0;39m  org.hibernate.validator.internal.util.Version 
&amp#27;[36m22/11/2024 22:48:14,270&amp#27;[0;39m &amp#27;[35mequipe&amp#27;[0;39m &amp#27;[32m0.0.0.0&amp#27;[0;39m &amp#27;[33manônimo&amp#27;[0;39m &amp#27;[34mINFO Starting CargoResourceTest using Java 21.0.5 with PID 11072 (started by andrepenteado in C:\Users\andrepenteado\Projetos\apcode\apsso\backend\equipe)&amp#27;[0;39m  org.springframework.boot.StartupInfoLogger 
&amp#27;[36m22/11/2024 22:48:14,272&amp#27;[0;39m &amp#27;[35mequipe&amp#27;[0;39m &amp#27;[32m0.0.0.0&amp#27;[0;39m &amp#27;[33manônimo&amp#27;[0;39m &amp#27;[34mINFO The following 1 profile is active: "test"&amp#27;[0;39m  org.springframework.boot.SpringApplication 
&amp#27;[36m22/11/2024 22:48:14,969&amp#27;[0;39m &amp#27;[35mequipe&amp#27;[0;39m &amp#27;[32m0.0.0.0&amp#27;[0;39m &amp#27;[33manônimo&amp#27;[0;39m &amp#27;[34mINFO Bootstrapping Spring Data JPA repositories in DEFAULT mode.&amp#27;[0;39m  org.springframework.data.repository.config.RepositoryConfigurationDelegate 
&amp#27;[36m22/11/2024 22:48:15,060&amp#27;[0;39m &amp#27;[35mequipe&amp#27;[0;39m &amp#27;[32m0.0.0.0&amp#27;[0;39m &amp#27;[33manônimo&amp#27;[0;39m &amp#27;[34mINFO Finished Spring Data repository scanning in 79 ms. Found 9 JPA repository interfaces.&amp#27;[0;39m  org.springframework.data.repository.config.RepositoryConfigurationDelegate 
&amp#27;[36m22/11/2024 22:48:16,167&amp#27;[0;39m &amp#27;[35mequipe&amp#27;[0;39m &amp#27;[32m0.0.0.0&amp#27;[0;39m &amp#27;[33manônimo&amp#27;[0;39m &amp#27;[34mINFO HikariPool-1 - Starting...&amp#27;[0;39m  com.zaxxer.hikari.HikariDataSource 
&amp#27;[36m22/11/2024 22:48:16,569&amp#27;[0;39m &amp#27;[35mequipe&amp#27;[0;39m &amp#27;[32m0.0.0.0&amp#27;[0;39m &amp#27;[33manônimo&amp#27;[0;39m &amp#27;[34mINFO HikariPool-1 - Added connection org.postgresql.jdbc.PgConnection@39acd1f1&amp#27;[0;39m  com.zaxxer.hikari.pool.HikariPool 
&amp#27;[36m22/11/2024 22:48:16,571&amp#27;[0;39m &amp#27;[35mequipe&amp#27;[0;39m &amp#27;[32m0.0.0.0&amp#27;[0;39m &amp#27;[33manônimo&amp#27;[0;39m &amp#27;[34mINFO HikariPool-1 - Start completed.&amp#27;[0;39m  com.zaxxer.hikari.HikariDataSource 
&amp#27;[36m22/11/2024 22:48:16,608&amp#27;[0;39m &amp#27;[35mequipe&amp#27;[0;39m &amp#27;[32m0.0.0.0&amp#27;[0;39m &amp#27;[33manônimo&amp#27;[0;39m &amp#27;[34mINFO 1 SQL migrations were detected but not run because they did not follow the filename convention.&amp#27;[0;39m  org.flywaydb.core.internal.logging.slf4j.Slf4jLog 
&amp#27;[36m22/11/2024 22:48:16,609&amp#27;[0;39m &amp#27;[35mequipe&amp#27;[0;39m &amp#27;[32m0.0.0.0&amp#27;[0;39m &amp#27;[33manônimo&amp#27;[0;39m &amp#27;[34mINFO Set 'validateMigrationNaming' to true to fail fast and see a list of the invalid file names.&amp#27;[0;39m  org.flywaydb.core.internal.logging.slf4j.Slf4jLog 
&amp#27;[36m22/11/2024 22:48:16,616&amp#27;[0;39m &amp#27;[35mequipe&amp#27;[0;39m &amp#27;[32m0.0.0.0&amp#27;[0;39m &amp#27;[33manônimo&amp#27;[0;39m &amp#27;[34mINFO Database: jdbc:postgresql://db-server:5433/apsso-dbname?autoReconnect=true (PostgreSQL 16.6)&amp#27;[0;39m  org.flywaydb.core.internal.logging.slf4j.Slf4jLog 
&amp#27;[36m22/11/2024 22:48:16,695&amp#27;[0;39m &amp#27;[35mequipe&amp#27;[0;39m &amp#27;[32m0.0.0.0&amp#27;[0;39m &amp#27;[33manônimo&amp#27;[0;39m &amp#27;[34mINFO Successfully validated 7 migrations (execution time 00:00.047s)&amp#27;[0;39m  org.flywaydb.core.internal.logging.slf4j.Slf4jLog 
&amp#27;[36m22/11/2024 22:48:16,744&amp#27;[0;39m &amp#27;[35mequipe&amp#27;[0;39m &amp#27;[32m0.0.0.0&amp#27;[0;39m &amp#27;[33manônimo&amp#27;[0;39m &amp#27;[34mINFO Current version of schema "public": 2019.07.05&amp#27;[0;39m  org.flywaydb.core.internal.logging.slf4j.Slf4jLog 
&amp#27;[36m22/11/2024 22:48:16,749&amp#27;[0;39m &amp#27;[35mequipe&amp#27;[0;39m &amp#27;[32m0.0.0.0&amp#27;[0;39m &amp#27;[33manônimo&amp#27;[0;39m &amp#27;[34mINFO Schema "public" is up to date. No migration necessary.&amp#27;[0;39m  org.flywaydb.core.internal.logging.slf4j.Slf4jLog 
&amp#27;[36m22/11/2024 22:48:16,923&amp#27;[0;39m &amp#27;[35mequipe&amp#27;[0;39m &amp#27;[32m0.0.0.0&amp#27;[0;39m &amp#27;[33manônimo&amp#27;[0;39m &amp#27;[34mINFO HHH000204: Processing PersistenceUnitInfo [name: default]&amp#27;[0;39m  org.hibernate.jpa.internal.util.LogHelper 
&amp#27;[36m22/11/2024 22:48:17,051&amp#27;[0;39m &amp#27;[35mequipe&amp#27;[0;39m &amp#27;[32m0.0.0.0&amp#27;[0;39m &amp#27;[33manônimo&amp#27;[0;39m &amp#27;[34mINFO HHH000412: Hibernate ORM core version 6.6.2.Final&amp#27;[0;39m  org.hibernate.Version 
&amp#27;[36m22/11/2024 22:48:17,127&amp#27;[0;39m &amp#27;[35mequipe&amp#27;[0;39m &amp#27;[32m0.0.0.0&amp#27;[0;39m &amp#27;[33manônimo&amp#27;[0;39m &amp#27;[34mINFO HHH000026: Second-level cache disabled&amp#27;[0;39m  org.hibernate.cache.internal.RegionFactoryInitiator 
&amp#27;[36m22/11/2024 22:48:17,800&amp#27;[0;39m &amp#27;[35mequipe&amp#27;[0;39m &amp#27;[32m0.0.0.0&amp#27;[0;39m &amp#27;[33manônimo&amp#27;[0;39m &amp#27;[34mINFO No LoadTimeWeaver setup: ignoring JPA class transformer&amp#27;[0;39m  org.springframework.orm.jpa.persistenceunit.SpringPersistenceUnitInfo 
&amp#27;[36m22/11/2024 22:48:17,911&amp#27;[0;39m &amp#27;[35mequipe&amp#27;[0;39m &amp#27;[32m0.0.0.0&amp#27;[0;39m &amp#27;[33manônimo&amp#27;[0;39m &amp#27;[31mWARN HHH90000025: PostgreSQLDialect does not need to be specified explicitly using 'hibernate.dialect' (remove the property setting and it will be selected by default)&amp#27;[0;39m  org.hibernate.engine.jdbc.dialect.internal.DialectFactoryImpl 
&amp#27;[36m22/11/2024 22:48:17,940&amp#27;[0;39m &amp#27;[35mequipe&amp#27;[0;39m &amp#27;[32m0.0.0.0&amp#27;[0;39m &amp#27;[33manônimo&amp#27;[0;39m &amp#27;[34mINFO HHH10001005: Database info:
	Database JDBC URL [Connecting through datasource 'HikariDataSource (HikariPool-1)']
	Database driver: undefined/unknown
	Database version: 16.6
	Autocommit mode: undefined/unknown
	Isolation level: undefined/unknown
	Minimum pool size: undefined/unknown
	Maximum pool size: undefined/unknown&amp#27;[0;39m  org.hibernate.engine.jdbc.env.internal.JdbcEnvironmentInitiator 
&amp#27;[36m22/11/2024 22:48:19,611&amp#27;[0;39m &amp#27;[35mequipe&amp#27;[0;39m &amp#27;[32m0.0.0.0&amp#27;[0;39m &amp#27;[33manônimo&amp#27;[0;39m &amp#27;[34mINFO HHH000489: No JTA platform available (set 'hibernate.transaction.jta.platform' to enable JTA platform integration)&amp#27;[0;39m  org.hibernate.engine.transaction.jta.platform.internal.JtaPlatformInitiator 
&amp#27;[36m22/11/2024 22:48:19,615&amp#27;[0;39m &amp#27;[35mequipe&amp#27;[0;39m &amp#27;[32m0.0.0.0&amp#27;[0;39m &amp#27;[33manônimo&amp#27;[0;39m &amp#27;[34mINFO Initialized JPA EntityManagerFactory for persistence unit 'default'&amp#27;[0;39m  org.springframework.orm.jpa.AbstractEntityManagerFactoryBean 
&amp#27;[36m22/11/2024 22:48:20,485&amp#27;[0;39m &amp#27;[35mequipe&amp#27;[0;39m &amp#27;[32m0.0.0.0&amp#27;[0;39m &amp#27;[33manônimo&amp#27;[0;39m &amp#27;[31mWARN spring.jpa.open-in-view is enabled by default. Therefore, database queries may be performed during view rendering. Explicitly configure spring.jpa.open-in-view to disable this warning&amp#27;[0;39m  org.springframework.boot.autoconfigure.orm.jpa.JpaBaseConfiguration$JpaWebConfiguration 
&amp#27;[36m22/11/2024 22:48:21,605&amp#27;[0;39m &amp#27;[35mequipe&amp#27;[0;39m &amp#27;[32m0.0.0.0&amp#27;[0;39m &amp#27;[33manônimo&amp#27;[0;39m &amp#27;[34mINFO Initializing Spring TestDispatcherServlet ''&amp#27;[0;39m  org.springframework.mock.web.MockServletContext 
&amp#27;[36m22/11/2024 22:48:21,606&amp#27;[0;39m &amp#27;[35mequipe&amp#27;[0;39m &amp#27;[32m0.0.0.0&amp#27;[0;39m &amp#27;[33manônimo&amp#27;[0;39m &amp#27;[34mINFO Initializing Servlet ''&amp#27;[0;39m  org.springframework.web.servlet.FrameworkServlet 
&amp#27;[36m22/11/2024 22:48:21,609&amp#27;[0;39m &amp#27;[35mequipe&amp#27;[0;39m &amp#27;[32m0.0.0.0&amp#27;[0;39m &amp#27;[33manônimo&amp#27;[0;39m &amp#27;[34mINFO Completed initialization in 2 ms&amp#27;[0;39m  org.springframework.web.servlet.FrameworkServlet 
&amp#27;[36m22/11/2024 22:48:21,649&amp#27;[0;39m &amp#27;[35mequipe&amp#27;[0;39m &amp#27;[32m0.0.0.0&amp#27;[0;39m &amp#27;[33manônimo&amp#27;[0;39m &amp#27;[34mINFO Started CargoResourceTest in 8.01 seconds (process running for 9.337)&amp#27;[0;39m  org.springframework.boot.StartupInfoLogger 
&amp#27;[36m22/11/2024 22:48:21,764&amp#27;[0;39m &amp#27;[35mequipe&amp#27;[0;39m &amp#27;[32m0.0.0.0&amp#27;[0;39m &amp#27;[33manônimo&amp#27;[0;39m &amp#27;[31mWARN Potential problem found: The configured data type factory 'class org.dbunit.dataset.datatype.DefaultDataTypeFactory' might cause problems with the current database 'PostgreSQL' (e.g. some datatypes may not be supported properly). In rare cases you might see this message because the list of supported database products is incomplete (list=[derby]). If so please request a java-class update via the forums.If you are using your own IDataTypeFactory extending DefaultDataTypeFactory, ensure that you override getValidDbProducts() to specify the supported database products.&amp#27;[0;39m  org.dbunit.dataset.AbstractTableMetaData 
&amp#27;[36m22/11/2024 22:48:21,767&amp#27;[0;39m &amp#27;[35mequipe&amp#27;[0;39m &amp#27;[32m0.0.0.0&amp#27;[0;39m &amp#27;[33manônimo&amp#27;[0;39m &amp#27;[31mWARN empresa.fk_upload data type (1111, 'uuid') not recognized and will be ignored. See FAQ for more information.&amp#27;[0;39m  org.dbunit.util.SQLHelper 
&amp#27;[36m22/11/2024 22:48:21,780&amp#27;[0;39m &amp#27;[35mequipe&amp#27;[0;39m &amp#27;[32m0.0.0.0&amp#27;[0;39m &amp#27;[33manônimo&amp#27;[0;39m &amp#27;[31mWARN Potential problem found: The configured data type factory 'class org.dbunit.dataset.datatype.DefaultDataTypeFactory' might cause problems with the current database 'PostgreSQL' (e.g. some datatypes may not be supported properly). In rare cases you might see this message because the list of supported database products is incomplete (list=[derby]). If so please request a java-class update via the forums.If you are using your own IDataTypeFactory extending DefaultDataTypeFactory, ensure that you override getValidDbProducts() to specify the supported database products.&amp#27;[0;39m  org.dbunit.dataset.AbstractTableMetaData 
&amp#27;[36m22/11/2024 22:48:21,781&amp#27;[0;39m &amp#27;[35mequipe&amp#27;[0;39m &amp#27;[32m0.0.0.0&amp#27;[0;39m &amp#27;[33manônimo&amp#27;[0;39m &amp#27;[31mWARN sistema.fk_upload data type (1111, 'uuid') not recognized and will be ignored. See FAQ for more information.&amp#27;[0;39m  org.dbunit.util.SQLHelper 
&amp#27;[36m22/11/2024 22:48:21,788&amp#27;[0;39m &amp#27;[35mequipe&amp#27;[0;39m &amp#27;[32m0.0.0.0&amp#27;[0;39m &amp#27;[33manônimo&amp#27;[0;39m &amp#27;[31mWARN Potential problem found: The configured data type factory 'class org.dbunit.dataset.datatype.DefaultDataTypeFactory' might cause problems with the current database 'PostgreSQL' (e.g. some datatypes may not be supported properly). In rare cases you might see this message because the list of supported database products is incomplete (list=[derby]). If so please request a java-class update via the forums.If you are using your own IDataTypeFactory extending DefaultDataTypeFactory, ensure that you override getValidDbProducts() to specify the supported database products.&amp#27;[0;39m  org.dbunit.dataset.AbstractTableMetaData 
&amp#27;[36m22/11/2024 22:48:21,795&amp#27;[0;39m &amp#27;[35mequipe&amp#27;[0;39m &amp#27;[32m0.0.0.0&amp#27;[0;39m &amp#27;[33manônimo&amp#27;[0;39m &amp#27;[31mWARN Potential problem found: The configured data type factory 'class org.dbunit.dataset.datatype.DefaultDataTypeFactory' might cause problems with the current database 'PostgreSQL' (e.g. some datatypes may not be supported properly). In rare cases you might see this message because the list of supported database products is incomplete (list=[derby]). If so please request a java-class update via the forums.If you are using your own IDataTypeFactory extending DefaultDataTypeFactory, ensure that you override getValidDbProducts() to specify the supported database products.&amp#27;[0;39m  org.dbunit.dataset.AbstractTableMetaData 
&amp#27;[36m22/11/2024 22:48:21,803&amp#27;[0;39m &amp#27;[35mequipe&amp#27;[0;39m &amp#27;[32m0.0.0.0&amp#27;[0;39m &amp#27;[33manônimo&amp#27;[0;39m &amp#27;[31mWARN Potential problem found: The configured data type factory 'class org.dbunit.dataset.datatype.DefaultDataTypeFactory' might cause problems with the current database 'PostgreSQL' (e.g. some datatypes may not be supported properly). In rare cases you might see this message because the list of supported database products is incomplete (list=[derby]). If so please request a java-class update via the forums.If you are using your own IDataTypeFactory extending DefaultDataTypeFactory, ensure that you override getValidDbProducts() to specify the supported database products.&amp#27;[0;39m  org.dbunit.dataset.AbstractTableMetaData 
&amp#27;[36m22/11/2024 22:48:22,389&amp#27;[0;39m &amp#27;[35mequipe&amp#27;[0;39m &amp#27;[32m0.0.0.0&amp#27;[0;39m &amp#27;[33manônimo&amp#27;[0;39m &amp#27;[34mINFO Excluir cargo ID #200&amp#27;[0;39m  com.github.andrepenteado.sso.equipe.resources.CargoResource 
Hibernate: select c1_0.id,c1_0.fk_empresa,e1_0.id,e1_0.bairro,e1_0.cep,e1_0.cidade,e1_0.cnpj,e1_0.complemento,e1_0.data_cadastro,e1_0.data_ultima_atualizacao,e1_0.email,e1_0.estado,e1_0.fk_upload,e1_0.logradouro,m1_0.id,m1_0.bairro,m1_0.cep,m1_0.cidade,m1_0.cnpj,m1_0.complemento,m1_0.data_cadastro,m1_0.data_ultima_atualizacao,m1_0.email,m1_0.estado,m1_0.fk_upload,m1_0.logradouro,m1_0.fk_empresa_matriz,m1_0.nome_fantasia,m1_0.numero_logradouro,m1_0.razao_social,m1_0.telefone,m1_0.usuario_cadastro,m1_0.usuario_ultima_atualizacao,e1_0.nome_fantasia,e1_0.numero_logradouro,e1_0.razao_social,e1_0.telefone,e1_0.usuario_cadastro,e1_0.usuario_ultima_atualizacao,c1_0.nome from cargo c1_0 join empresa e1_0 on e1_0.id=c1_0.fk_empresa left join empresa m1_0 on m1_0.id=e1_0.fk_empresa_matriz where c1_0.id=?
]]></system-out>
    <system-err><![CDATA[Mockito is currently self-attaching to enable the inline-mock-maker. This will no longer work in future releases of the JDK. Please add Mockito as an agent to your build what is described in Mockito's documentation: https://javadoc.io/doc/org.mockito/mockito-core/latest/org/mockito/Mockito.html#0.3
WARNING: A Java agent has been loaded dynamically (C:\Users\andrepenteado\.m2\repository\net\bytebuddy\byte-buddy-agent\1.15.10\byte-buddy-agent-1.15.10.jar)
WARNING: If a serviceability tool is in use, please run with -XX:+EnableDynamicAgentLoading to hide this warning
WARNING: If a serviceability tool is not in use, please run with -Djdk.instrument.traceUsage for more information
WARNING: Dynamic loading of agents will be disallowed by default in a future release
]]></system-err>
  </testcase>
  <testcase name="testAlterar" classname="com.github.andrepenteado.sso.equipe.resources.CargoResourceTest" time="0.123">
    <system-out><![CDATA[&amp#27;[36m22/11/2024 22:48:22,563&amp#27;[0;39m &amp#27;[35mequipe&amp#27;[0;39m &amp#27;[32m0.0.0.0&amp#27;[0;39m &amp#27;[33manônimo&amp#27;[0;39m &amp#27;[34mINFO Alterar cargo Cargo(nome=Cargo de testes)&amp#27;[0;39m  com.github.andrepenteado.sso.equipe.resources.CargoResource 
Hibernate: select c1_0.id,c1_0.fk_empresa,e1_0.id,e1_0.bairro,e1_0.cep,e1_0.cidade,e1_0.cnpj,e1_0.complemento,e1_0.data_cadastro,e1_0.data_ultima_atualizacao,e1_0.email,e1_0.estado,e1_0.fk_upload,e1_0.logradouro,m1_0.id,m1_0.bairro,m1_0.cep,m1_0.cidade,m1_0.cnpj,m1_0.complemento,m1_0.data_cadastro,m1_0.data_ultima_atualizacao,m1_0.email,m1_0.estado,m1_0.fk_upload,m1_0.logradouro,m1_0.fk_empresa_matriz,m1_0.nome_fantasia,m1_0.numero_logradouro,m1_0.razao_social,m1_0.telefone,m1_0.usuario_cadastro,m1_0.usuario_ultima_atualizacao,e1_0.nome_fantasia,e1_0.numero_logradouro,e1_0.razao_social,e1_0.telefone,e1_0.usuario_cadastro,e1_0.usuario_ultima_atualizacao,c1_0.nome from cargo c1_0 join empresa e1_0 on e1_0.id=c1_0.fk_empresa left join empresa m1_0 on m1_0.id=e1_0.fk_empresa_matriz where c1_0.id=?
&amp#27;[36m22/11/2024 22:48:22,590&amp#27;[0;39m &amp#27;[35mequipe&amp#27;[0;39m &amp#27;[32m0.0.0.0&amp#27;[0;39m &amp#27;[33manônimo&amp#27;[0;39m &amp#27;[34mINFO Alterar cargo Cargo(nome=Cargo de testes)&amp#27;[0;39m  com.github.andrepenteado.sso.equipe.resources.CargoResource 
Hibernate: select c1_0.id,c1_0.fk_empresa,e1_0.id,e1_0.bairro,e1_0.cep,e1_0.cidade,e1_0.cnpj,e1_0.complemento,e1_0.data_cadastro,e1_0.data_ultima_atualizacao,e1_0.email,e1_0.estado,e1_0.fk_upload,e1_0.logradouro,m1_0.id,m1_0.bairro,m1_0.cep,m1_0.cidade,m1_0.cnpj,m1_0.complemento,m1_0.data_cadastro,m1_0.data_ultima_atualizacao,m1_0.email,m1_0.estado,m1_0.fk_upload,m1_0.logradouro,m1_0.fk_empresa_matriz,m1_0.nome_fantasia,m1_0.numero_logradouro,m1_0.razao_social,m1_0.telefone,m1_0.usuario_cadastro,m1_0.usuario_ultima_atualizacao,e1_0.nome_fantasia,e1_0.numero_logradouro,e1_0.razao_social,e1_0.telefone,e1_0.usuario_cadastro,e1_0.usuario_ultima_atualizacao,c1_0.nome from cargo c1_0 join empresa e1_0 on e1_0.id=c1_0.fk_empresa left join empresa m1_0 on m1_0.id=e1_0.fk_empresa_matriz where c1_0.id=?
&amp#27;[36m22/11/2024 22:48:22,603&amp#27;[0;39m &amp#27;[35mequipe&amp#27;[0;39m &amp#27;[32m0.0.0.0&amp#27;[0;39m &amp#27;[33manônimo&amp#27;[0;39m &amp#27;[34mINFO Alterar cargo Cargo(nome=Cargo de testes)&amp#27;[0;39m  com.github.andrepenteado.sso.equipe.resources.CargoResource 
&amp#27;[36m22/11/2024 22:48:22,613&amp#27;[0;39m &amp#27;[35mequipe&amp#27;[0;39m &amp#27;[32m0.0.0.0&amp#27;[0;39m &amp#27;[33manônimo&amp#27;[0;39m &amp#27;[34mINFO Alterar cargo Cargo(nome=null)&amp#27;[0;39m  com.github.andrepenteado.sso.equipe.resources.CargoResource 
]]></system-out>
  </testcase>
  <testcase name="testBuscar" classname="com.github.andrepenteado.sso.equipe.resources.CargoResourceTest" time="0.032">
    <system-out><![CDATA[&amp#27;[36m22/11/2024 22:48:22,635&amp#27;[0;39m &amp#27;[35mequipe&amp#27;[0;39m &amp#27;[32m0.0.0.0&amp#27;[0;39m &amp#27;[33manônimo&amp#27;[0;39m &amp#27;[34mINFO Buscar cargo por ID #100&amp#27;[0;39m  com.github.andrepenteado.sso.equipe.resources.CargoResource 
Hibernate: select c1_0.id,c1_0.fk_empresa,e1_0.id,e1_0.bairro,e1_0.cep,e1_0.cidade,e1_0.cnpj,e1_0.complemento,e1_0.data_cadastro,e1_0.data_ultima_atualizacao,e1_0.email,e1_0.estado,e1_0.fk_upload,e1_0.logradouro,m1_0.id,m1_0.bairro,m1_0.cep,m1_0.cidade,m1_0.cnpj,m1_0.complemento,m1_0.data_cadastro,m1_0.data_ultima_atualizacao,m1_0.email,m1_0.estado,m1_0.fk_upload,m1_0.logradouro,m1_0.fk_empresa_matriz,m1_0.nome_fantasia,m1_0.numero_logradouro,m1_0.razao_social,m1_0.telefone,m1_0.usuario_cadastro,m1_0.usuario_ultima_atualizacao,e1_0.nome_fantasia,e1_0.numero_logradouro,e1_0.razao_social,e1_0.telefone,e1_0.usuario_cadastro,e1_0.usuario_ultima_atualizacao,c1_0.nome from cargo c1_0 join empresa e1_0 on e1_0.id=c1_0.fk_empresa left join empresa m1_0 on m1_0.id=e1_0.fk_empresa_matriz where c1_0.id=?
&amp#27;[36m22/11/2024 22:48:22,642&amp#27;[0;39m &amp#27;[35mequipe&amp#27;[0;39m &amp#27;[32m0.0.0.0&amp#27;[0;39m &amp#27;[33manônimo&amp#27;[0;39m &amp#27;[34mINFO Buscar cargo por ID #999&amp#27;[0;39m  com.github.andrepenteado.sso.equipe.resources.CargoResource 
Hibernate: select c1_0.id,c1_0.fk_empresa,e1_0.id,e1_0.bairro,e1_0.cep,e1_0.cidade,e1_0.cnpj,e1_0.complemento,e1_0.data_cadastro,e1_0.data_ultima_atualizacao,e1_0.email,e1_0.estado,e1_0.fk_upload,e1_0.logradouro,m1_0.id,m1_0.bairro,m1_0.cep,m1_0.cidade,m1_0.cnpj,m1_0.complemento,m1_0.data_cadastro,m1_0.data_ultima_atualizacao,m1_0.email,m1_0.estado,m1_0.fk_upload,m1_0.logradouro,m1_0.fk_empresa_matriz,m1_0.nome_fantasia,m1_0.numero_logradouro,m1_0.razao_social,m1_0.telefone,m1_0.usuario_cadastro,m1_0.usuario_ultima_atualizacao,e1_0.nome_fantasia,e1_0.numero_logradouro,e1_0.razao_social,e1_0.telefone,e1_0.usuario_cadastro,e1_0.usuario_ultima_atualizacao,c1_0.nome from cargo c1_0 join empresa e1_0 on e1_0.id=c1_0.fk_empresa left join empresa m1_0 on m1_0.id=e1_0.fk_empresa_matriz where c1_0.id=?
]]></system-out>
  </testcase>
  <testcase name="testListar" classname="com.github.andrepenteado.sso.equipe.resources.CargoResourceTest" time="0.13">
    <system-out><![CDATA[&amp#27;[36m22/11/2024 22:48:22,664&amp#27;[0;39m &amp#27;[35mequipe&amp#27;[0;39m &amp#27;[32m0.0.0.0&amp#27;[0;39m &amp#27;[33manônimo&amp#27;[0;39m &amp#27;[34mINFO Listar todos cargos&amp#27;[0;39m  com.github.andrepenteado.sso.equipe.resources.CargoResource 
Hibernate: select c1_0.id,c1_0.fk_empresa,c1_0.nome from cargo c1_0 order by c1_0.nome
Hibernate: select e1_0.id,e1_0.bairro,e1_0.cep,e1_0.cidade,e1_0.cnpj,e1_0.complemento,e1_0.data_cadastro,e1_0.data_ultima_atualizacao,e1_0.email,e1_0.estado,e1_0.fk_upload,e1_0.logradouro,m1_0.id,m1_0.bairro,m1_0.cep,m1_0.cidade,m1_0.cnpj,m1_0.complemento,m1_0.data_cadastro,m1_0.data_ultima_atualizacao,m1_0.email,m1_0.estado,m1_0.fk_upload,m1_0.logradouro,m1_0.fk_empresa_matriz,m1_0.nome_fantasia,m1_0.numero_logradouro,m1_0.razao_social,m1_0.telefone,m1_0.usuario_cadastro,m1_0.usuario_ultima_atualizacao,e1_0.nome_fantasia,e1_0.numero_logradouro,e1_0.razao_social,e1_0.telefone,e1_0.usuario_cadastro,e1_0.usuario_ultima_atualizacao from empresa e1_0 left join empresa m1_0 on m1_0.id=e1_0.fk_empresa_matriz where e1_0.id=?
]]></system-out>
  </testcase>
  <testcase name="testIncluir" classname="com.github.andrepenteado.sso.equipe.resources.CargoResourceTest" time="0.056">
    <system-out><![CDATA[&amp#27;[36m22/11/2024 22:48:22,798&amp#27;[0;39m &amp#27;[35mequipe&amp#27;[0;39m &amp#27;[32m0.0.0.0&amp#27;[0;39m &amp#27;[33manônimo&amp#27;[0;39m &amp#27;[34mINFO Incluir novo cargo Cargo(nome=Cargo de testes)&amp#27;[0;39m  com.github.andrepenteado.sso.equipe.resources.CargoResource 
Hibernate: insert into cargo (fk_empresa,nome) values (?,?)
&amp#27;[36m22/11/2024 22:48:22,831&amp#27;[0;39m &amp#27;[35mequipe&amp#27;[0;39m &amp#27;[32m0.0.0.0&amp#27;[0;39m &amp#27;[33manônimo&amp#27;[0;39m &amp#27;[34mINFO Incluir novo cargo Cargo(nome=null)&amp#27;[0;39m  com.github.andrepenteado.sso.equipe.resources.CargoResource 
]]></system-out>
  </testcase>
</testsuite>